TN:
SF:src\App.tsx
FN:14,(anonymous_0)
FN:15,(anonymous_1)
FN:16,(anonymous_2)
FN:19,(anonymous_3)
FN:20,(anonymous_4)
FN:29,App
FN:40,(anonymous_6)
FN:44,(anonymous_7)
FN:66,(anonymous_8)
FN:88,(anonymous_9)
FN:94,(anonymous_10)
FN:95,(anonymous_11)
FN:97,(anonymous_12)
FN:227,(anonymous_13)
FN:478,(anonymous_14)
FN:480,(anonymous_15)
FN:545,(anonymous_16)
FN:551,(anonymous_17)
FN:553,(anonymous_18)
FN:620,(anonymous_19)
FN:626,(anonymous_20)
FN:633,(anonymous_21)
FN:635,(anonymous_22)
FN:699,(anonymous_23)
FN:705,(anonymous_24)
FN:712,(anonymous_25)
FN:714,(anonymous_26)
FN:778,(anonymous_27)
FN:784,(anonymous_28)
FN:791,(anonymous_29)
FN:839,(anonymous_30)
FN:843,(anonymous_31)
FN:849,(anonymous_32)
FN:853,(anonymous_33)
FN:859,(anonymous_34)
FN:863,(anonymous_35)
FN:870,(anonymous_36)
FN:935,(anonymous_37)
FN:981,(anonymous_38)
FN:1047,(anonymous_39)
FN:1109,(anonymous_40)
FN:1172,(anonymous_41)
FN:1194,(anonymous_42)
FN:1198,(anonymous_43)
FN:1216,(anonymous_44)
FN:1244,(anonymous_45)
FN:1253,(anonymous_46)
FN:1257,(anonymous_47)
FN:1262,(anonymous_48)
FN:1332,(anonymous_49)
FN:1334,(anonymous_50)
FN:1335,(anonymous_51)
FNF:52
FNH:22
FNDA:0,(anonymous_0)
FNDA:0,(anonymous_1)
FNDA:0,(anonymous_2)
FNDA:0,(anonymous_3)
FNDA:0,(anonymous_4)
FNDA:3,App
FNDA:3,(anonymous_6)
FNDA:3,(anonymous_7)
FNDA:0,(anonymous_8)
FNDA:0,(anonymous_9)
FNDA:0,(anonymous_10)
FNDA:0,(anonymous_11)
FNDA:0,(anonymous_12)
FNDA:0,(anonymous_13)
FNDA:3,(anonymous_14)
FNDA:3,(anonymous_15)
FNDA:3,(anonymous_16)
FNDA:3,(anonymous_17)
FNDA:3,(anonymous_18)
FNDA:3,(anonymous_19)
FNDA:3,(anonymous_20)
FNDA:3,(anonymous_21)
FNDA:3,(anonymous_22)
FNDA:3,(anonymous_23)
FNDA:3,(anonymous_24)
FNDA:3,(anonymous_25)
FNDA:3,(anonymous_26)
FNDA:3,(anonymous_27)
FNDA:3,(anonymous_28)
FNDA:3,(anonymous_29)
FNDA:3,(anonymous_30)
FNDA:0,(anonymous_31)
FNDA:3,(anonymous_32)
FNDA:0,(anonymous_33)
FNDA:3,(anonymous_34)
FNDA:0,(anonymous_35)
FNDA:0,(anonymous_36)
FNDA:0,(anonymous_37)
FNDA:0,(anonymous_38)
FNDA:0,(anonymous_39)
FNDA:0,(anonymous_40)
FNDA:0,(anonymous_41)
FNDA:0,(anonymous_42)
FNDA:0,(anonymous_43)
FNDA:0,(anonymous_44)
FNDA:0,(anonymous_45)
FNDA:0,(anonymous_46)
FNDA:0,(anonymous_47)
FNDA:0,(anonymous_48)
FNDA:0,(anonymous_49)
FNDA:0,(anonymous_50)
FNDA:0,(anonymous_51)
DA:14,1
DA:15,0
DA:16,0
DA:17,0
DA:18,0
DA:19,0
DA:20,0
DA:23,0
DA:30,3
DA:31,3
DA:32,3
DA:33,3
DA:34,3
DA:35,3
DA:36,3
DA:37,3
DA:40,3
DA:41,3
DA:44,3
DA:45,3
DA:47,3
DA:50,3
DA:51,3
DA:52,3
DA:53,3
DA:54,3
DA:55,3
DA:56,3
DA:57,3
DA:58,3
DA:61,3
DA:62,3
DA:63,3
DA:66,3
DA:67,0
DA:68,0
DA:72,3
DA:73,3
DA:74,3
DA:75,3
DA:78,3
DA:79,3
DA:80,3
DA:83,3
DA:84,3
DA:88,3
DA:89,0
DA:90,0
DA:94,3
DA:95,3
DA:97,3
DA:98,0
DA:99,0
DA:100,0
DA:101,0
DA:102,0
DA:104,0
DA:106,0
DA:114,0
DA:115,0
DA:117,0
DA:118,0
DA:120,0
DA:122,0
DA:123,0
DA:124,0
DA:127,0
DA:128,0
DA:130,0
DA:131,0
DA:135,0
DA:136,0
DA:143,0
DA:145,0
DA:146,0
DA:148,0
DA:149,0
DA:152,0
DA:153,0
DA:156,0
DA:157,0
DA:163,0
DA:164,0
DA:165,0
DA:166,0
DA:168,0
DA:169,0
DA:172,0
DA:173,0
DA:174,0
DA:176,0
DA:177,0
DA:178,0
DA:180,0
DA:181,0
DA:182,0
DA:185,0
DA:188,0
DA:189,0
DA:190,0
DA:191,0
DA:192,0
DA:193,0
DA:196,0
DA:197,0
DA:198,0
DA:199,0
DA:200,0
DA:201,0
DA:204,0
DA:205,0
DA:212,0
DA:213,0
DA:214,0
DA:215,0
DA:216,0
DA:217,0
DA:218,0
DA:221,0
DA:223,0
DA:227,3
DA:228,0
DA:231,0
DA:232,0
DA:233,0
DA:235,0
DA:236,0
DA:237,0
DA:241,0
DA:242,0
DA:243,0
DA:246,0
DA:249,0
DA:254,0
DA:259,0
DA:268,0
DA:274,0
DA:275,0
DA:276,0
DA:278,0
DA:281,0
DA:282,0
DA:283,0
DA:284,0
DA:285,0
DA:286,0
DA:289,0
DA:294,0
DA:295,0
DA:296,0
DA:298,0
DA:299,0
DA:300,0
DA:304,0
DA:305,0
DA:306,0
DA:309,0
DA:312,0
DA:317,0
DA:322,0
DA:331,0
DA:336,0
DA:337,0
DA:339,0
DA:342,0
DA:343,0
DA:344,0
DA:345,0
DA:346,0
DA:347,0
DA:350,0
DA:355,0
DA:356,0
DA:357,0
DA:359,0
DA:360,0
DA:361,0
DA:365,0
DA:366,0
DA:367,0
DA:370,0
DA:373,0
DA:378,0
DA:383,0
DA:392,0
DA:397,0
DA:398,0
DA:400,0
DA:403,0
DA:404,0
DA:405,0
DA:406,0
DA:407,0
DA:408,0
DA:411,0
DA:416,0
DA:417,0
DA:418,0
DA:420,0
DA:421,0
DA:422,0
DA:426,0
DA:427,0
DA:428,0
DA:431,0
DA:434,0
DA:439,0
DA:444,0
DA:453,0
DA:458,0
DA:459,0
DA:461,0
DA:464,0
DA:465,0
DA:466,0
DA:467,0
DA:468,0
DA:469,0
DA:472,0
DA:478,3
DA:479,3
DA:480,3
DA:481,3
DA:482,0
DA:483,0
DA:485,0
DA:486,0
DA:487,0
DA:491,0
DA:492,0
DA:493,0
DA:496,0
DA:499,0
DA:504,0
DA:509,0
DA:518,0
DA:524,0
DA:525,0
DA:526,0
DA:527,0
DA:530,0
DA:533,0
DA:534,0
DA:535,0
DA:536,0
DA:537,0
DA:538,0
DA:541,0
DA:544,3
DA:545,3
DA:546,3
DA:551,3
DA:552,3
DA:553,3
DA:554,3
DA:557,0
DA:558,0
DA:560,0
DA:562,0
DA:563,0
DA:564,0
DA:568,0
DA:569,0
DA:570,0
DA:573,0
DA:576,0
DA:581,0
DA:586,0
DA:595,0
DA:600,0
DA:601,0
DA:602,0
DA:605,0
DA:608,0
DA:609,0
DA:610,0
DA:611,0
DA:612,0
DA:613,0
DA:616,0
DA:619,3
DA:620,3
DA:621,3
DA:626,3
DA:627,3
DA:628,0
DA:633,3
DA:634,3
DA:635,3
DA:636,3
DA:637,0
DA:639,0
DA:641,0
DA:642,0
DA:643,0
DA:647,0
DA:648,0
DA:649,0
DA:652,0
DA:655,0
DA:660,0
DA:665,0
DA:674,0
DA:679,0
DA:680,0
DA:681,0
DA:684,0
DA:687,0
DA:688,0
DA:689,0
DA:690,0
DA:691,0
DA:692,0
DA:695,0
DA:698,3
DA:699,3
DA:700,3
DA:705,3
DA:706,3
DA:707,0
DA:712,3
DA:713,3
DA:714,3
DA:715,3
DA:716,0
DA:718,0
DA:720,0
DA:721,0
DA:722,0
DA:726,0
DA:727,0
DA:728,0
DA:731,0
DA:734,0
DA:739,0
DA:744,0
DA:753,0
DA:758,0
DA:759,0
DA:760,0
DA:763,0
DA:766,0
DA:767,0
DA:768,0
DA:769,0
DA:770,0
DA:771,0
DA:774,0
DA:777,3
DA:778,3
DA:779,3
DA:784,3
DA:785,3
DA:786,0
DA:791,3
DA:792,3
DA:793,0
DA:802,0
DA:803,0
DA:804,0
DA:807,0
DA:808,0
DA:809,0
DA:811,0
DA:812,0
DA:813,0
DA:814,0
DA:815,0
DA:816,0
DA:817,0
DA:818,0
DA:819,0
DA:820,0
DA:821,0
DA:822,0
DA:823,0
DA:824,0
DA:829,3
DA:831,0
DA:832,0
DA:833,0
DA:839,3
DA:840,3
DA:841,0
DA:842,0
DA:843,0
DA:845,3
DA:849,3
DA:850,3
DA:851,0
DA:852,0
DA:853,0
DA:855,3
DA:859,3
DA:860,3
DA:861,0
DA:862,0
DA:863,0
DA:865,3
DA:870,3
DA:871,0
DA:872,0
DA:873,0
DA:875,0
DA:876,0
DA:877,0
DA:881,0
DA:882,0
DA:883,0
DA:886,0
DA:889,0
DA:894,0
DA:899,0
DA:908,0
DA:914,0
DA:915,0
DA:916,0
DA:918,0
DA:921,0
DA:922,0
DA:923,0
DA:924,0
DA:925,0
DA:926,0
DA:929,0
DA:935,3
DA:936,0
DA:938,0
DA:939,0
DA:941,0
DA:942,0
DA:943,0
DA:946,0
DA:947,0
DA:950,0
DA:951,0
DA:953,0
DA:955,0
DA:956,0
DA:957,0
DA:959,0
DA:960,0
DA:963,0
DA:964,0
DA:965,0
DA:966,0
DA:967,0
DA:968,0
DA:970,0
DA:972,0
DA:975,0
DA:976,0
DA:977,0
DA:981,3
DA:982,0
DA:983,0
DA:984,0
DA:986,0
DA:988,0
DA:989,0
DA:990,0
DA:994,0
DA:995,0
DA:996,0
DA:999,0
DA:1002,0
DA:1007,0
DA:1012,0
DA:1021,0
DA:1026,0
DA:1027,0
DA:1028,0
DA:1030,0
DA:1033,0
DA:1034,0
DA:1035,0
DA:1036,0
DA:1037,0
DA:1038,0
DA:1040,0
DA:1043,0
DA:1047,3
DA:1048,0
DA:1049,0
DA:1051,0
DA:1053,0
DA:1054,0
DA:1055,0
DA:1059,0
DA:1060,0
DA:1061,0
DA:1064,0
DA:1067,0
DA:1072,0
DA:1077,0
DA:1086,0
DA:1091,0
DA:1092,0
DA:1094,0
DA:1097,0
DA:1098,0
DA:1099,0
DA:1100,0
DA:1101,0
DA:1102,0
DA:1105,0
DA:1109,3
DA:1110,0
DA:1111,0
DA:1113,0
DA:1115,0
DA:1116,0
DA:1117,0
DA:1121,0
DA:1122,0
DA:1123,0
DA:1126,0
DA:1129,0
DA:1134,0
DA:1139,0
DA:1148,0
DA:1153,0
DA:1154,0
DA:1157,0
DA:1160,0
DA:1161,0
DA:1162,0
DA:1163,0
DA:1164,0
DA:1165,0
DA:1168,0
DA:1172,3
DA:1174,0
DA:1176,0
DA:1177,0
DA:1180,0
DA:1181,0
DA:1184,0
DA:1185,0
DA:1189,0
DA:1190,0
DA:1194,3
DA:1195,0
DA:1198,3
DA:1199,0
DA:1201,0
DA:1202,0
DA:1203,0
DA:1204,0
DA:1207,0
DA:1208,0
DA:1209,0
DA:1210,0
DA:1211,0
DA:1212,0
DA:1216,3
DA:1217,0
DA:1218,0
DA:1219,0
DA:1220,0
DA:1221,0
DA:1222,0
DA:1223,0
DA:1224,0
DA:1225,0
DA:1226,0
DA:1229,0
DA:1230,0
DA:1231,0
DA:1232,0
DA:1235,0
DA:1236,0
DA:1237,0
DA:1240,0
DA:1241,0
DA:1244,3
DA:1245,0
DA:1246,0
DA:1247,0
DA:1249,0
DA:1253,3
DA:1254,0
DA:1257,3
DA:1258,0
DA:1259,0
DA:1262,3
DA:1263,0
DA:1264,0
DA:1265,0
DA:1266,0
DA:1268,0
DA:1270,0
DA:1271,0
DA:1272,0
DA:1274,0
DA:1275,0
DA:1277,0
DA:1281,3
DA:1332,0
DA:1334,0
DA:1335,0
LF:601
LH:101
BRDA:41,0,0,0
BRDA:41,0,1,3
BRDA:89,1,0,0
BRDA:89,1,1,0
BRDA:99,2,0,0
BRDA:99,2,1,0
BRDA:117,3,0,0
BRDA:117,3,1,0
BRDA:127,4,0,0
BRDA:127,4,1,0
BRDA:128,5,0,0
BRDA:128,5,1,0
BRDA:130,6,0,0
BRDA:130,6,1,0
BRDA:148,7,0,0
BRDA:148,7,1,0
BRDA:148,8,0,0
BRDA:148,8,1,0
BRDA:160,9,0,0
BRDA:160,9,1,0
BRDA:165,10,0,0
BRDA:165,10,1,0
BRDA:168,11,0,0
BRDA:168,11,1,0
BRDA:168,12,0,0
BRDA:168,12,1,0
BRDA:190,13,0,0
BRDA:190,13,1,0
BRDA:198,14,0,0
BRDA:198,14,1,0
BRDA:213,15,0,0
BRDA:213,15,1,0
BRDA:215,16,0,0
BRDA:215,16,1,0
BRDA:215,17,0,0
BRDA:215,17,1,0
BRDA:217,18,0,0
BRDA:217,18,1,0
BRDA:217,19,0,0
BRDA:217,19,1,0
BRDA:231,20,0,0
BRDA:231,20,1,0
BRDA:236,21,0,0
BRDA:236,21,1,0
BRDA:242,22,0,0
BRDA:242,22,1,0
BRDA:246,23,0,0
BRDA:246,23,1,0
BRDA:249,24,0,0
BRDA:249,24,1,0
BRDA:254,25,0,0
BRDA:254,25,1,0
BRDA:271,26,0,0
BRDA:271,26,1,0
BRDA:281,27,0,0
BRDA:281,27,1,0
BRDA:281,28,0,0
BRDA:281,28,1,0
BRDA:283,29,0,0
BRDA:283,29,1,0
BRDA:283,30,0,0
BRDA:283,30,1,0
BRDA:285,31,0,0
BRDA:285,31,1,0
BRDA:285,32,0,0
BRDA:285,32,1,0
BRDA:294,33,0,0
BRDA:294,33,1,0
BRDA:299,34,0,0
BRDA:299,34,1,0
BRDA:305,35,0,0
BRDA:305,35,1,0
BRDA:309,36,0,0
BRDA:309,36,1,0
BRDA:312,37,0,0
BRDA:312,37,1,0
BRDA:317,38,0,0
BRDA:317,38,1,0
BRDA:342,39,0,0
BRDA:342,39,1,0
BRDA:342,40,0,0
BRDA:342,40,1,0
BRDA:344,41,0,0
BRDA:344,41,1,0
BRDA:344,42,0,0
BRDA:344,42,1,0
BRDA:346,43,0,0
BRDA:346,43,1,0
BRDA:346,44,0,0
BRDA:346,44,1,0
BRDA:355,45,0,0
BRDA:355,45,1,0
BRDA:360,46,0,0
BRDA:360,46,1,0
BRDA:366,47,0,0
BRDA:366,47,1,0
BRDA:370,48,0,0
BRDA:370,48,1,0
BRDA:373,49,0,0
BRDA:373,49,1,0
BRDA:378,50,0,0
BRDA:378,50,1,0
BRDA:403,51,0,0
BRDA:403,51,1,0
BRDA:403,52,0,0
BRDA:403,52,1,0
BRDA:405,53,0,0
BRDA:405,53,1,0
BRDA:405,54,0,0
BRDA:405,54,1,0
BRDA:407,55,0,0
BRDA:407,55,1,0
BRDA:407,56,0,0
BRDA:407,56,1,0
BRDA:416,57,0,0
BRDA:416,57,1,0
BRDA:421,58,0,0
BRDA:421,58,1,0
BRDA:427,59,0,0
BRDA:427,59,1,0
BRDA:431,60,0,0
BRDA:431,60,1,0
BRDA:434,61,0,0
BRDA:434,61,1,0
BRDA:439,62,0,0
BRDA:439,62,1,0
BRDA:464,63,0,0
BRDA:464,63,1,0
BRDA:464,64,0,0
BRDA:464,64,1,0
BRDA:466,65,0,0
BRDA:466,65,1,0
BRDA:466,66,0,0
BRDA:466,66,1,0
BRDA:468,67,0,0
BRDA:468,67,1,0
BRDA:468,68,0,0
BRDA:468,68,1,0
BRDA:481,69,0,3
BRDA:481,69,1,0
BRDA:481,70,0,3
BRDA:481,70,1,3
BRDA:486,71,0,0
BRDA:486,71,1,0
BRDA:492,72,0,0
BRDA:492,72,1,0
BRDA:496,73,0,0
BRDA:496,73,1,0
BRDA:499,74,0,0
BRDA:499,74,1,0
BRDA:504,75,0,0
BRDA:504,75,1,0
BRDA:521,76,0,0
BRDA:521,76,1,0
BRDA:524,77,0,0
BRDA:524,77,1,0
BRDA:533,78,0,0
BRDA:533,78,1,0
BRDA:533,79,0,0
BRDA:533,79,1,0
BRDA:535,80,0,0
BRDA:535,80,1,0
BRDA:535,81,0,0
BRDA:535,81,1,0
BRDA:537,82,0,0
BRDA:537,82,1,0
BRDA:537,83,0,0
BRDA:537,83,1,0
BRDA:541,84,0,0
BRDA:541,84,1,0
BRDA:554,85,0,3
BRDA:554,85,1,0
BRDA:554,86,0,3
BRDA:554,86,1,3
BRDA:563,87,0,0
BRDA:563,87,1,0
BRDA:569,88,0,0
BRDA:569,88,1,0
BRDA:573,89,0,0
BRDA:573,89,1,0
BRDA:576,90,0,0
BRDA:576,90,1,0
BRDA:581,91,0,0
BRDA:581,91,1,0
BRDA:601,92,0,0
BRDA:601,92,1,0
BRDA:608,93,0,0
BRDA:608,93,1,0
BRDA:608,94,0,0
BRDA:608,94,1,0
BRDA:610,95,0,0
BRDA:610,95,1,0
BRDA:610,96,0,0
BRDA:610,96,1,0
BRDA:612,97,0,0
BRDA:612,97,1,0
BRDA:612,98,0,0
BRDA:612,98,1,0
BRDA:616,99,0,0
BRDA:616,99,1,0
BRDA:627,100,0,0
BRDA:627,100,1,3
BRDA:627,101,0,3
BRDA:627,101,1,3
BRDA:636,102,0,3
BRDA:636,102,1,0
BRDA:636,103,0,3
BRDA:636,103,1,3
BRDA:642,104,0,0
BRDA:642,104,1,0
BRDA:648,105,0,0
BRDA:648,105,1,0
BRDA:652,106,0,0
BRDA:652,106,1,0
BRDA:655,107,0,0
BRDA:655,107,1,0
BRDA:660,108,0,0
BRDA:660,108,1,0
BRDA:680,109,0,0
BRDA:680,109,1,0
BRDA:687,110,0,0
BRDA:687,110,1,0
BRDA:687,111,0,0
BRDA:687,111,1,0
BRDA:689,112,0,0
BRDA:689,112,1,0
BRDA:689,113,0,0
BRDA:689,113,1,0
BRDA:691,114,0,0
BRDA:691,114,1,0
BRDA:691,115,0,0
BRDA:691,115,1,0
BRDA:695,116,0,0
BRDA:695,116,1,0
BRDA:706,117,0,0
BRDA:706,117,1,3
BRDA:706,118,0,3
BRDA:706,118,1,3
BRDA:715,119,0,3
BRDA:715,119,1,0
BRDA:715,120,0,3
BRDA:715,120,1,3
BRDA:721,121,0,0
BRDA:721,121,1,0
BRDA:727,122,0,0
BRDA:727,122,1,0
BRDA:731,123,0,0
BRDA:731,123,1,0
BRDA:734,124,0,0
BRDA:734,124,1,0
BRDA:739,125,0,0
BRDA:739,125,1,0
BRDA:759,126,0,0
BRDA:759,126,1,0
BRDA:766,127,0,0
BRDA:766,127,1,0
BRDA:766,128,0,0
BRDA:766,128,1,0
BRDA:768,129,0,0
BRDA:768,129,1,0
BRDA:768,130,0,0
BRDA:768,130,1,0
BRDA:770,131,0,0
BRDA:770,131,1,0
BRDA:770,132,0,0
BRDA:770,132,1,0
BRDA:774,133,0,0
BRDA:774,133,1,0
BRDA:785,134,0,0
BRDA:785,134,1,3
BRDA:785,135,0,3
BRDA:785,135,1,3
BRDA:792,136,0,0
BRDA:792,136,1,3
BRDA:792,137,0,3
BRDA:792,137,1,3
BRDA:792,137,2,3
BRDA:802,138,0,0
BRDA:802,138,1,0
BRDA:811,139,0,0
BRDA:811,139,1,0
BRDA:811,140,0,0
BRDA:811,140,1,0
BRDA:811,140,2,0
BRDA:813,141,0,0
BRDA:813,141,1,0
BRDA:813,142,0,0
BRDA:813,142,1,0
BRDA:815,143,0,0
BRDA:815,143,1,0
BRDA:815,144,0,0
BRDA:815,144,1,0
BRDA:817,145,0,0
BRDA:817,145,1,0
BRDA:817,146,0,0
BRDA:817,146,1,0
BRDA:819,147,0,0
BRDA:819,147,1,0
BRDA:821,148,0,0
BRDA:821,148,1,0
BRDA:823,149,0,0
BRDA:823,149,1,0
BRDA:829,150,0,0
BRDA:829,150,1,3
BRDA:829,151,0,3
BRDA:829,151,1,0
BRDA:829,151,2,0
BRDA:829,151,3,0
BRDA:829,151,4,0
BRDA:829,151,5,0
BRDA:829,151,6,0
BRDA:840,152,0,0
BRDA:840,152,1,3
BRDA:840,153,0,3
BRDA:840,153,1,0
BRDA:850,154,0,0
BRDA:850,154,1,3
BRDA:850,155,0,3
BRDA:850,155,1,0
BRDA:860,156,0,0
BRDA:860,156,1,3
BRDA:860,157,0,3
BRDA:860,157,1,0
BRDA:871,158,0,0
BRDA:871,158,1,0
BRDA:876,159,0,0
BRDA:876,159,1,0
BRDA:882,160,0,0
BRDA:882,160,1,0
BRDA:886,161,0,0
BRDA:886,161,1,0
BRDA:889,162,0,0
BRDA:889,162,1,0
BRDA:894,163,0,0
BRDA:894,163,1,0
BRDA:911,164,0,0
BRDA:911,164,1,0
BRDA:921,165,0,0
BRDA:921,165,1,0
BRDA:921,166,0,0
BRDA:921,166,1,0
BRDA:923,167,0,0
BRDA:923,167,1,0
BRDA:923,168,0,0
BRDA:923,168,1,0
BRDA:925,169,0,0
BRDA:925,169,1,0
BRDA:925,170,0,0
BRDA:925,170,1,0
BRDA:942,171,0,0
BRDA:942,171,1,0
BRDA:955,172,0,0
BRDA:955,172,1,0
BRDA:963,173,0,0
BRDA:963,173,1,0
BRDA:965,174,0,0
BRDA:965,174,1,0
BRDA:967,175,0,0
BRDA:967,175,1,0
BRDA:983,176,0,0
BRDA:983,176,1,0
BRDA:989,177,0,0
BRDA:989,177,1,0
BRDA:995,178,0,0
BRDA:995,178,1,0
BRDA:999,179,0,0
BRDA:999,179,1,0
BRDA:1002,180,0,0
BRDA:1002,180,1,0
BRDA:1007,181,0,0
BRDA:1007,181,1,0
BRDA:1033,182,0,0
BRDA:1033,182,1,0
BRDA:1033,183,0,0
BRDA:1033,183,1,0
BRDA:1035,184,0,0
BRDA:1035,184,1,0
BRDA:1035,185,0,0
BRDA:1035,185,1,0
BRDA:1037,186,0,0
BRDA:1037,186,1,0
BRDA:1037,187,0,0
BRDA:1037,187,1,0
BRDA:1040,188,0,0
BRDA:1040,188,1,0
BRDA:1048,189,0,0
BRDA:1048,189,1,0
BRDA:1054,190,0,0
BRDA:1054,190,1,0
BRDA:1060,191,0,0
BRDA:1060,191,1,0
BRDA:1064,192,0,0
BRDA:1064,192,1,0
BRDA:1067,193,0,0
BRDA:1067,193,1,0
BRDA:1072,194,0,0
BRDA:1072,194,1,0
BRDA:1097,195,0,0
BRDA:1097,195,1,0
BRDA:1097,196,0,0
BRDA:1097,196,1,0
BRDA:1099,197,0,0
BRDA:1099,197,1,0
BRDA:1099,198,0,0
BRDA:1099,198,1,0
BRDA:1101,199,0,0
BRDA:1101,199,1,0
BRDA:1101,200,0,0
BRDA:1101,200,1,0
BRDA:1110,201,0,0
BRDA:1110,201,1,0
BRDA:1116,202,0,0
BRDA:1116,202,1,0
BRDA:1122,203,0,0
BRDA:1122,203,1,0
BRDA:1126,204,0,0
BRDA:1126,204,1,0
BRDA:1129,205,0,0
BRDA:1129,205,1,0
BRDA:1134,206,0,0
BRDA:1134,206,1,0
BRDA:1160,207,0,0
BRDA:1160,207,1,0
BRDA:1160,208,0,0
BRDA:1160,208,1,0
BRDA:1162,209,0,0
BRDA:1162,209,1,0
BRDA:1162,210,0,0
BRDA:1162,210,1,0
BRDA:1164,211,0,0
BRDA:1164,211,1,0
BRDA:1164,212,0,0
BRDA:1164,212,1,0
BRDA:1176,213,0,0
BRDA:1176,213,1,0
BRDA:1176,214,0,0
BRDA:1176,214,1,0
BRDA:1180,215,0,0
BRDA:1180,215,1,0
BRDA:1180,216,0,0
BRDA:1180,216,1,0
BRDA:1184,217,0,0
BRDA:1184,217,1,0
BRDA:1184,218,0,0
BRDA:1184,218,1,0
BRDA:1189,219,0,0
BRDA:1189,219,1,0
BRDA:1199,220,0,0
BRDA:1199,220,1,0
BRDA:1245,221,0,0
BRDA:1245,221,1,0
BRDA:1263,222,0,0
BRDA:1263,222,1,0
BRDA:1326,223,0,0
BRDA:1326,223,1,3
BRF:455
BRH:35
end_of_record
TN:
SF:src\config.ts
FN:19,validateConfig
FNF:1
FNH:0
FNDA:0,validateConfig
DA:1,0
DA:20,0
DA:21,0
DA:23,0
DA:24,0
LF:5
LH:0
BRDA:2,0,0,0
BRDA:2,0,1,0
BRDA:2,0,2,0
BRDA:3,1,0,0
BRDA:3,1,1,0
BRDA:3,1,2,0
BRDA:4,2,0,0
BRDA:4,2,1,0
BRDA:5,3,0,0
BRDA:5,3,1,0
BRDA:6,4,0,0
BRDA:6,4,1,0
BRDA:7,5,0,0
BRDA:7,5,1,0
BRDA:8,6,0,0
BRDA:8,6,1,0
BRDA:9,7,0,0
BRDA:9,7,1,0
BRDA:10,8,0,0
BRDA:10,8,1,0
BRDA:11,9,0,0
BRDA:11,9,1,0
BRDA:12,10,0,0
BRDA:12,10,1,0
BRDA:13,11,0,0
BRDA:13,11,1,0
BRDA:14,12,0,0
BRDA:14,12,1,0
BRDA:15,13,0,0
BRDA:15,13,1,0
BRDA:16,14,0,0
BRDA:16,14,1,0
BRDA:20,15,0,0
BRDA:20,15,1,0
BRDA:20,16,0,0
BRDA:20,16,1,0
BRDA:23,17,0,0
BRDA:23,17,1,0
BRDA:23,18,0,0
BRDA:23,18,1,0
BRF:40
BRH:0
end_of_record
TN:
SF:src\gemini-client.ts
FN:8,callWithShadow
FN:28,(anonymous_1)
FNF:2
FNH:0
FNDA:0,callWithShadow
FNDA:0,(anonymous_1)
DA:16,0
DA:23,0
DA:28,0
DA:31,0
DA:34,0
DA:36,0
LF:6
LH:0
BRDA:38,0,0,0
BRDA:38,0,1,0
BRF:2
BRH:0
end_of_record
TN:
SF:src\guardrails.ts
FN:3,trimToDetail
FN:8,(anonymous_1)
FN:12,(anonymous_2)
FN:20,extractObjects
FN:40,(anonymous_4)
FN:44,extractTags
FN:47,(anonymous_6)
FN:48,(anonymous_7)
FNF:8
FNH:0
FNDA:0,trimToDetail
FNDA:0,(anonymous_1)
FNDA:0,(anonymous_2)
FNDA:0,extractObjects
FNDA:0,(anonymous_4)
FNDA:0,extractTags
FNDA:0,(anonymous_6)
FNDA:0,(anonymous_7)
DA:4,0
DA:6,0
DA:8,0
DA:9,0
DA:10,0
DA:12,0
DA:13,0
DA:17,0
DA:21,0
DA:26,0
DA:28,0
DA:29,0
DA:30,0
DA:31,0
DA:32,0
DA:33,0
DA:34,0
DA:39,0
DA:40,0
DA:45,0
DA:46,0
DA:47,0
DA:48,0
DA:49,0
LF:24
LH:0
BRDA:6,0,0,0
BRDA:6,0,1,0
BRDA:9,1,0,0
BRDA:9,1,1,0
BRDA:10,2,0,0
BRDA:10,2,1,0
BRDA:13,3,0,0
BRDA:13,3,1,0
BRDA:31,4,0,0
BRDA:31,4,1,0
BRDA:31,5,0,0
BRDA:31,5,1,0
BRDA:33,6,0,0
BRDA:33,6,1,0
BRDA:34,7,0,0
BRDA:34,7,1,0
BRDA:48,8,0,0
BRDA:48,8,1,0
BRF:18
BRH:0
end_of_record
TN:
SF:src\logger.ts
FNF:0
FNH:0
DA:5,0
LF:1
LH:0
BRF:0
BRH:0
end_of_record
TN:
SF:src\metrics.ts
FNF:0
FNH:0
LF:0
LH:0
BRF:0
BRH:0
end_of_record
TN:
SF:src\model-resolver.ts
FN:3,getPrimaryModel
FN:7,getFallbackModel
FN:11,shouldUseABTest
FNF:3
FNH:0
FNDA:0,getPrimaryModel
FNDA:0,getFallbackModel
FNDA:0,shouldUseABTest
DA:4,0
DA:8,0
DA:12,0
LF:3
LH:0
BRF:0
BRH:0
end_of_record
TN:
SF:src\models.ts
FN:13,preferredMajors
FN:21,resolveAlias
FN:25,(anonymous_2)
FN:31,resolvePrimaryFallback
FN:39,resolveModel
FN:42,(anonymous_5)
FN:46,getPrimaryModel
FN:50,getFallbackModel
FN:54,shouldUseABTest
FN:58,chooseModelByPolicy
FNF:10
FNH:0
FNDA:0,preferredMajors
FNDA:0,resolveAlias
FNDA:0,(anonymous_2)
FNDA:0,resolvePrimaryFallback
FNDA:0,resolveModel
FNDA:0,(anonymous_5)
FNDA:0,getPrimaryModel
FNDA:0,getFallbackModel
FNDA:0,shouldUseABTest
FNDA:0,chooseModelByPolicy
DA:7,0
DA:14,0
DA:15,0
DA:16,0
DA:17,0
DA:18,0
DA:22,0
DA:23,0
DA:24,0
DA:25,0
DA:26,0
DA:28,0
DA:32,0
DA:33,0
DA:34,0
DA:35,0
DA:36,0
DA:40,0
DA:41,0
DA:42,0
DA:43,0
DA:47,0
DA:51,0
DA:55,0
DA:62,0
DA:63,0
DA:64,0
DA:65,0
DA:66,0
DA:67,0
DA:68,0
DA:69,0
LF:32
LH:0
BRDA:14,0,0,0
BRDA:14,0,1,0
BRDA:17,1,0,0
BRDA:17,1,1,0
BRDA:26,2,0,0
BRDA:26,2,1,0
BRDA:32,3,0,0
BRDA:32,3,1,0
BRDA:33,4,0,0
BRDA:33,4,1,0
BRDA:41,5,0,0
BRDA:41,5,1,0
BRDA:43,6,0,0
BRDA:43,6,1,0
BRDA:55,7,0,0
BRDA:55,7,1,0
BRDA:63,8,0,0
BRDA:63,8,1,0
BRDA:63,9,0,0
BRDA:63,9,1,0
BRDA:65,10,0,0
BRDA:65,10,1,0
BRDA:65,11,0,0
BRDA:65,11,1,0
BRDA:66,12,0,0
BRDA:66,12,1,0
BRDA:66,13,0,0
BRDA:66,13,1,0
BRDA:66,14,0,0
BRDA:66,14,1,0
BRDA:67,15,0,0
BRDA:67,15,1,0
BRDA:68,16,0,0
BRDA:68,16,1,0
BRF:34
BRH:0
end_of_record
TN:
SF:src\prompts.ts
FNF:0
FNH:0
LF:0
LH:0
BRF:0
BRH:0
end_of_record
TN:
SF:src\quality.ts
FN:5,sanitizeCaption
FN:13,(anonymous_1)
FN:21,scoreConfidence
FN:25,(anonymous_3)
FN:26,(anonymous_4)
FN:32,detectOCRCue
FN:35,(anonymous_6)
FN:48,stripBannedTokens
FN:57,hasBannedTokens
FN:59,(anonymous_9)
FN:62,calculateConfidence
FN:68,(anonymous_11)
FN:81,trimToDetail
FN:95,extractObjects
FN:115,(anonymous_14)
FN:119,extractTags
FNF:16
FNH:0
FNDA:0,sanitizeCaption
FNDA:0,(anonymous_1)
FNDA:0,scoreConfidence
FNDA:0,(anonymous_3)
FNDA:0,(anonymous_4)
FNDA:0,detectOCRCue
FNDA:0,(anonymous_6)
FNDA:0,stripBannedTokens
FNDA:0,hasBannedTokens
FNDA:0,(anonymous_9)
FNDA:0,calculateConfidence
FNDA:0,(anonymous_11)
FNDA:0,trimToDetail
FNDA:0,extractObjects
FNDA:0,(anonymous_14)
FNDA:0,extractTags
DA:1,0
DA:6,0
DA:7,0
DA:8,0
DA:9,0
DA:10,0
DA:13,0
DA:15,0
DA:16,0
DA:17,0
DA:18,0
DA:22,0
DA:23,0
DA:24,0
DA:25,0
DA:26,0
DA:27,0
DA:28,0
DA:29,0
DA:33,0
DA:34,0
DA:35,0
DA:40,0
DA:49,0
DA:50,0
DA:51,0
DA:52,0
DA:54,0
DA:58,0
DA:59,0
DA:63,0
DA:64,0
DA:65,0
DA:67,0
DA:68,0
DA:69,0
DA:70,0
DA:72,0
DA:73,0
DA:75,0
DA:76,0
DA:78,0
DA:82,0
DA:83,0
DA:85,0
DA:87,0
DA:89,0
DA:91,0
DA:96,0
DA:101,0
DA:103,0
DA:104,0
DA:105,0
DA:106,0
DA:107,0
DA:108,0
DA:109,0
DA:114,0
DA:115,0
DA:120,0
DA:121,0
DA:122,0
LF:62
LH:0
BRDA:6,0,0,0
BRDA:6,0,1,0
BRDA:7,1,0,0
BRDA:7,1,1,0
BRDA:13,2,0,0
BRDA:13,2,1,0
BRDA:16,3,0,0
BRDA:16,3,1,0
BRDA:17,4,0,0
BRDA:17,4,1,0
BRDA:23,5,0,0
BRDA:23,5,1,0
BRDA:23,6,0,0
BRDA:23,6,1,0
BRDA:25,7,0,0
BRDA:25,7,1,0
BRDA:27,8,0,0
BRDA:27,8,1,0
BRDA:28,9,0,0
BRDA:28,9,1,0
BRDA:33,10,0,0
BRDA:33,10,1,0
BRDA:49,11,0,0
BRDA:49,11,1,0
BRDA:58,12,0,0
BRDA:58,12,1,0
BRDA:64,13,0,0
BRDA:64,13,1,0
BRDA:64,14,0,0
BRDA:64,14,1,0
BRDA:67,15,0,0
BRDA:67,15,1,0
BRDA:69,16,0,0
BRDA:69,16,1,0
BRDA:72,17,0,0
BRDA:72,17,1,0
BRDA:75,18,0,0
BRDA:75,18,1,0
BRDA:75,19,0,0
BRDA:75,19,1,0
BRDA:82,20,0,0
BRDA:82,20,1,0
BRDA:83,21,0,0
BRDA:83,21,1,0
BRDA:83,21,2,0
BRDA:83,21,3,0
BRDA:106,22,0,0
BRDA:106,22,1,0
BRDA:106,23,0,0
BRDA:106,23,1,0
BRDA:108,24,0,0
BRDA:108,24,1,0
BRDA:109,25,0,0
BRDA:109,25,1,0
BRDA:120,26,0,0
BRDA:120,26,1,0
BRDA:120,27,0,0
BRDA:120,27,1,0
BRF:58
BRH:0
end_of_record
TN:
SF:src\components\BackgroundCanvas.tsx
FN:19,(anonymous_0)
FN:34,(anonymous_1)
FN:54,(anonymous_2)
FN:73,(anonymous_3)
FN:74,(anonymous_4)
FN:82,(anonymous_5)
FN:109,(anonymous_6)
FN:117,(anonymous_7)
FN:145,(anonymous_8)
FN:159,(anonymous_9)
FN:176,(anonymous_10)
FN:184,(anonymous_11)
FN:188,(anonymous_12)
FN:197,(anonymous_13)
FNF:14
FNH:2
FNDA:3,(anonymous_0)
FNDA:3,(anonymous_1)
FNDA:0,(anonymous_2)
FNDA:0,(anonymous_3)
FNDA:0,(anonymous_4)
FNDA:0,(anonymous_5)
FNDA:0,(anonymous_6)
FNDA:0,(anonymous_7)
FNDA:0,(anonymous_8)
FNDA:0,(anonymous_9)
FNDA:0,(anonymous_10)
FNDA:0,(anonymous_11)
FNDA:0,(anonymous_12)
FNDA:0,(anonymous_13)
DA:19,1
DA:32,3
DA:34,3
DA:35,3
DA:36,3
DA:37,3
DA:38,3
DA:41,0
DA:42,0
DA:43,0
DA:44,0
DA:48,0
DA:49,0
DA:50,0
DA:51,0
DA:54,0
DA:55,0
DA:56,0
DA:57,0
DA:58,0
DA:59,0
DA:60,0
DA:61,0
DA:62,0
DA:63,0
DA:65,0
DA:67,0
DA:71,0
DA:73,0
DA:74,0
DA:82,0
DA:83,0
DA:84,0
DA:85,0
DA:86,0
DA:87,0
DA:89,0
DA:90,0
DA:91,0
DA:92,0
DA:93,0
DA:94,0
DA:95,0
DA:96,0
DA:97,0
DA:98,0
DA:101,0
DA:102,0
DA:104,0
DA:106,0
DA:109,0
DA:110,0
DA:111,0
DA:113,0
DA:114,0
DA:117,0
DA:118,0
DA:119,0
DA:120,0
DA:121,0
DA:122,0
DA:123,0
DA:124,0
DA:125,0
DA:126,0
DA:128,0
DA:129,0
DA:131,0
DA:132,0
DA:133,0
DA:134,0
DA:136,0
DA:139,0
DA:140,0
DA:141,0
DA:142,0
DA:145,0
DA:146,0
DA:147,0
DA:148,0
DA:149,0
DA:150,0
DA:151,0
DA:152,0
DA:153,0
DA:154,0
DA:156,0
DA:159,0
DA:160,0
DA:163,0
DA:164,0
DA:165,0
DA:166,0
DA:167,0
DA:168,0
DA:169,0
DA:173,0
DA:176,0
DA:177,0
DA:179,0
DA:180,0
DA:183,0
DA:184,0
DA:186,0
DA:188,0
DA:193,0
DA:194,0
DA:195,0
DA:197,0
DA:198,0
DA:199,0
DA:203,3
LF:112
LH:8
BRDA:21,0,0,0
BRDA:22,1,0,0
BRDA:23,2,0,3
BRDA:24,3,0,0
BRDA:25,4,0,0
BRDA:26,5,0,3
BRDA:27,6,0,3
BRDA:28,7,0,3
BRDA:29,8,0,3
BRDA:30,9,0,3
BRDA:36,10,0,0
BRDA:36,10,1,3
BRDA:38,11,0,3
BRDA:38,11,1,0
BRDA:41,12,0,0
BRDA:41,12,1,0
BRDA:42,13,0,0
BRDA:42,13,1,0
BRDA:55,14,0,0
BRDA:55,14,1,0
BRDA:85,15,0,0
BRDA:85,15,1,0
BRDA:89,16,0,0
BRDA:89,16,1,0
BRDA:90,17,0,0
BRDA:90,17,1,0
BRDA:90,18,0,0
BRDA:90,18,1,0
BRDA:110,19,0,0
BRDA:110,19,1,0
BRDA:118,20,0,0
BRDA:118,20,1,0
BRDA:131,21,0,0
BRDA:131,21,1,0
BRDA:132,22,0,0
BRDA:132,22,1,0
BRDA:133,23,0,0
BRDA:133,23,1,0
BRDA:134,24,0,0
BRDA:134,24,1,0
BRDA:146,25,0,0
BRDA:146,25,1,0
BRDA:151,26,0,0
BRDA:151,26,1,0
BRDA:151,27,0,0
BRDA:151,27,1,0
BRDA:163,28,0,0
BRDA:163,28,1,0
BRDA:166,29,0,0
BRDA:166,29,1,0
BRDA:168,30,0,0
BRDA:168,30,1,0
BRDA:183,31,0,0
BRDA:183,31,1,0
BRF:54
BRH:8
end_of_record
TN:
SF:src\components\BrandHeader.stories.tsx
FNF:0
FNH:0
DA:5,0
DA:36,0
DA:40,0
DA:53,0
DA:67,0
DA:81,0
DA:96,0
DA:113,0
LF:8
LH:0
BRF:0
BRH:0
end_of_record
TN:
SF:src\components\BrandHeader.tsx
FN:11,(anonymous_0)
FN:12,(anonymous_1)
FN:14,BrandHeader
FN:38,(anonymous_3)
FNF:4
FNH:3
FNDA:3,(anonymous_0)
FNDA:3,(anonymous_1)
FNDA:3,BrandHeader
FNDA:0,(anonymous_3)
DA:10,1
DA:11,3
DA:12,3
DA:19,3
DA:20,3
DA:21,3
DA:23,3
DA:39,0
DA:40,0
DA:41,0
DA:43,0
LF:11
LH:7
BRDA:10,0,0,1
BRDA:10,0,1,0
BRDA:12,1,0,3
BRDA:12,1,1,0
BRDA:15,2,0,3
BRDA:16,3,0,3
BRDA:19,4,0,3
BRDA:19,4,1,0
BRDA:33,5,0,3
BRDA:33,5,1,0
BRDA:39,6,0,0
BRDA:39,6,1,0
BRF:12
BRH:6
end_of_record
TN:
SF:src\components\CurrentPromptPanel.tsx
FN:14,(anonymous_0)
FN:15,(anonymous_1)
FN:42,(anonymous_2)
FN:69,(anonymous_3)
FNF:4
FNH:1
FNDA:3,(anonymous_0)
FNDA:0,(anonymous_1)
FNDA:0,(anonymous_2)
FNDA:0,(anonymous_3)
DA:14,1
DA:15,3
DA:16,0
DA:18,0
DA:20,0
DA:22,0
DA:24,0
DA:26,0
DA:28,0
DA:30,0
DA:32,0
DA:34,0
DA:36,0
DA:38,0
DA:42,3
DA:43,0
DA:45,0
DA:47,0
DA:49,0
DA:51,0
DA:53,0
DA:55,0
DA:57,0
DA:59,0
DA:61,0
DA:63,0
DA:65,0
DA:69,3
DA:70,0
DA:72,0
DA:74,0
DA:76,0
DA:78,0
DA:80,0
DA:82,0
DA:84,0
DA:86,0
DA:88,0
DA:90,0
DA:92,0
DA:96,3
DA:105,3
LF:42
LH:6
BRDA:14,0,0,3
BRDA:14,1,0,3
BRDA:16,2,0,0
BRDA:16,2,1,0
BRDA:16,2,2,0
BRDA:16,2,3,0
BRDA:16,2,4,0
BRDA:16,2,5,0
BRDA:16,2,6,0
BRDA:16,2,7,0
BRDA:16,2,8,0
BRDA:16,2,9,0
BRDA:16,2,10,0
BRDA:43,3,0,0
BRDA:43,3,1,0
BRDA:43,3,2,0
BRDA:43,3,3,0
BRDA:43,3,4,0
BRDA:43,3,5,0
BRDA:43,3,6,0
BRDA:43,3,7,0
BRDA:43,3,8,0
BRDA:43,3,9,0
BRDA:43,3,10,0
BRDA:70,4,0,0
BRDA:70,4,1,0
BRDA:70,4,2,0
BRDA:70,4,3,0
BRDA:70,4,4,0
BRDA:70,4,5,0
BRDA:70,4,6,0
BRDA:70,4,7,0
BRDA:70,4,8,0
BRDA:70,4,9,0
BRDA:70,4,10,0
BRDA:96,5,0,0
BRDA:96,5,1,3
BRDA:115,6,0,3
BRDA:115,6,1,3
BRDA:115,6,2,0
BRDA:116,7,0,0
BRDA:116,7,1,3
BRDA:121,8,0,3
BRDA:121,8,1,0
BRDA:128,9,0,0
BRDA:128,9,1,3
BRF:46
BRH:8
end_of_record
TN:
SF:src\components\DM2PromptEditor.tsx
FN:27,DM2PromptEditor
FN:36,(anonymous_1)
FN:43,(anonymous_2)
FN:67,(anonymous_3)
FN:71,(anonymous_4)
FN:85,(anonymous_5)
FN:107,(anonymous_6)
FN:118,(anonymous_7)
FN:128,(anonymous_8)
FN:139,(anonymous_9)
FN:148,(anonymous_10)
FN:150,(anonymous_11)
FN:157,(anonymous_12)
FN:169,(anonymous_13)
FN:187,(anonymous_14)
FN:201,(anonymous_15)
FN:204,(anonymous_16)
FN:219,(anonymous_17)
FN:224,(anonymous_18)
FN:241,(anonymous_19)
FN:241,(anonymous_20)
FN:248,(anonymous_21)
FN:248,(anonymous_22)
FN:260,(anonymous_23)
FN:265,(anonymous_24)
FN:283,(anonymous_25)
FN:337,(anonymous_26)
FN:347,(anonymous_27)
FNF:28
FNH:8
FNDA:3,DM2PromptEditor
FNDA:3,(anonymous_1)
FNDA:3,(anonymous_2)
FNDA:3,(anonymous_3)
FNDA:0,(anonymous_4)
FNDA:0,(anonymous_5)
FNDA:0,(anonymous_6)
FNDA:0,(anonymous_7)
FNDA:0,(anonymous_8)
FNDA:0,(anonymous_9)
FNDA:3,(anonymous_10)
FNDA:0,(anonymous_11)
FNDA:0,(anonymous_12)
FNDA:0,(anonymous_13)
FNDA:0,(anonymous_14)
FNDA:6,(anonymous_15)
FNDA:0,(anonymous_16)
FNDA:6,(anonymous_17)
FNDA:0,(anonymous_18)
FNDA:0,(anonymous_19)
FNDA:0,(anonymous_20)
FNDA:0,(anonymous_21)
FNDA:0,(anonymous_22)
FNDA:6,(anonymous_23)
FNDA:0,(anonymous_24)
FNDA:0,(anonymous_25)
FNDA:0,(anonymous_26)
FNDA:0,(anonymous_27)
DA:28,3
DA:29,3
DA:30,3
DA:31,3
DA:32,3
DA:33,3
DA:34,3
DA:36,3
DA:37,3
DA:38,3
DA:43,3
DA:44,3
DA:45,3
DA:49,3
DA:50,3
DA:58,3
DA:64,3
DA:65,3
DA:67,3
DA:71,3
DA:72,0
DA:73,0
DA:74,0
DA:75,0
DA:76,0
DA:77,0
DA:78,0
DA:79,0
DA:80,0
DA:82,0
DA:85,3
DA:86,0
DA:87,0
DA:88,0
DA:89,0
DA:91,0
DA:92,0
DA:93,0
DA:94,0
DA:95,0
DA:97,0
DA:102,0
DA:103,0
DA:104,0
DA:107,3
DA:108,0
DA:109,0
DA:110,0
DA:111,0
DA:112,0
DA:113,0
DA:114,0
DA:118,3
DA:119,0
DA:120,0
DA:121,0
DA:122,0
DA:123,0
DA:124,0
DA:125,0
DA:126,0
DA:128,3
DA:129,0
DA:130,0
DA:131,0
DA:132,0
DA:133,0
DA:135,0
DA:136,0
DA:137,0
DA:139,3
DA:140,0
DA:141,0
DA:142,0
DA:143,0
DA:144,0
DA:145,0
DA:148,3
DA:150,3
DA:152,0
DA:153,0
DA:154,0
DA:157,3
DA:159,0
DA:160,0
DA:161,0
DA:162,0
DA:163,0
DA:164,0
DA:165,0
DA:166,0
DA:169,3
DA:171,0
DA:174,3
DA:187,0
DA:202,6
DA:204,0
DA:220,6
DA:221,6
DA:224,0
DA:241,0
DA:248,0
DA:261,6
DA:262,6
DA:265,0
DA:283,0
DA:337,0
DA:347,0
LF:108
LH:35
BRDA:27,0,0,0
BRDA:27,1,0,0
BRDA:27,2,0,0
BRDA:27,3,0,0
BRDA:37,4,0,3
BRDA:37,4,1,0
BRDA:44,5,0,3
BRDA:44,5,1,0
BRDA:72,6,0,0
BRDA:72,6,1,0
BRDA:74,7,0,0
BRDA:74,7,1,0
BRDA:87,8,0,0
BRDA:87,8,1,0
BRDA:87,9,0,0
BRDA:87,9,1,0
BRDA:91,10,0,0
BRDA:91,10,1,0
BRDA:92,11,0,0
BRDA:92,11,1,0
BRDA:92,12,0,0
BRDA:92,12,1,0
BRDA:111,13,0,0
BRDA:111,13,1,0
BRDA:129,14,0,0
BRDA:129,14,1,0
BRDA:131,15,0,0
BRDA:131,15,1,0
BRDA:132,16,0,0
BRDA:132,16,1,0
BRDA:152,17,0,0
BRDA:152,17,1,0
BRDA:152,18,0,0
BRDA:152,18,1,0
BRDA:206,19,0,3
BRDA:206,19,1,3
BRDA:220,20,0,3
BRDA:220,20,1,3
BRDA:226,21,0,3
BRDA:226,21,1,3
BRDA:261,22,0,3
BRDA:261,22,1,3
BRDA:267,23,0,3
BRDA:267,23,1,3
BRDA:332,24,0,3
BRDA:332,24,1,3
BRDA:332,24,2,0
BRDA:334,25,0,0
BRDA:334,25,1,0
BRDA:338,26,0,0
BRDA:338,26,1,0
BRDA:341,27,0,0
BRDA:341,27,1,0
BRDA:344,28,0,0
BRDA:344,28,1,0
BRDA:348,29,0,0
BRDA:348,29,1,0
BRDA:351,30,0,0
BRDA:351,30,1,0
BRF:59
BRH:14
end_of_record
TN:
SF:src\components\ImageDropZone.tsx
FN:36,ImageDropZone
FN:78,(anonymous_1)
FN:79,(anonymous_2)
FN:85,(anonymous_3)
FN:92,(anonymous_4)
FN:93,(anonymous_5)
FN:99,(anonymous_6)
FN:100,(anonymous_7)
FN:106,(anonymous_8)
FN:107,(anonymous_9)
FN:114,(anonymous_10)
FN:120,(anonymous_11)
FN:125,(anonymous_12)
FN:131,(anonymous_13)
FN:137,(anonymous_14)
FN:142,(anonymous_15)
FN:148,(anonymous_16)
FN:154,(anonymous_17)
FN:159,(anonymous_18)
FN:165,(anonymous_19)
FN:171,(anonymous_20)
FN:176,(anonymous_21)
FN:181,(anonymous_22)
FN:233,(anonymous_23)
FN:274,(anonymous_24)
FN:287,(anonymous_25)
FN:335,(anonymous_26)
FN:376,(anonymous_27)
FN:389,(anonymous_28)
FN:437,(anonymous_29)
FN:478,(anonymous_30)
FN:491,(anonymous_31)
FNF:32
FNH:1
FNDA:3,ImageDropZone
FNDA:0,(anonymous_1)
FNDA:0,(anonymous_2)
FNDA:0,(anonymous_3)
FNDA:0,(anonymous_4)
FNDA:0,(anonymous_5)
FNDA:0,(anonymous_6)
FNDA:0,(anonymous_7)
FNDA:0,(anonymous_8)
FNDA:0,(anonymous_9)
FNDA:0,(anonymous_10)
FNDA:0,(anonymous_11)
FNDA:0,(anonymous_12)
FNDA:0,(anonymous_13)
FNDA:0,(anonymous_14)
FNDA:0,(anonymous_15)
FNDA:0,(anonymous_16)
FNDA:0,(anonymous_17)
FNDA:0,(anonymous_18)
FNDA:0,(anonymous_19)
FNDA:0,(anonymous_20)
FNDA:0,(anonymous_21)
FNDA:0,(anonymous_22)
FNDA:0,(anonymous_23)
FNDA:0,(anonymous_24)
FNDA:0,(anonymous_25)
FNDA:0,(anonymous_26)
FNDA:0,(anonymous_27)
FNDA:0,(anonymous_28)
FNDA:0,(anonymous_29)
FNDA:0,(anonymous_30)
FNDA:0,(anonymous_31)
DA:67,3
DA:68,3
DA:69,3
DA:70,3
DA:72,3
DA:73,3
DA:74,3
DA:75,3
DA:76,3
DA:78,3
DA:79,0
DA:80,0
DA:81,0
DA:84,0
DA:85,0
DA:86,0
DA:88,0
DA:92,3
DA:93,0
DA:94,0
DA:95,0
DA:99,3
DA:100,0
DA:101,0
DA:102,0
DA:106,3
DA:107,0
DA:108,0
DA:109,0
DA:114,3
DA:115,0
DA:116,0
DA:117,0
DA:120,3
DA:121,0
DA:122,0
DA:125,3
DA:126,0
DA:127,0
DA:131,3
DA:132,0
DA:133,0
DA:134,0
DA:137,3
DA:138,0
DA:139,0
DA:142,3
DA:143,0
DA:144,0
DA:148,3
DA:149,0
DA:150,0
DA:151,0
DA:154,3
DA:155,0
DA:156,0
DA:159,3
DA:160,0
DA:161,0
DA:165,3
DA:166,0
DA:167,0
DA:168,0
DA:171,3
DA:172,0
DA:173,0
DA:176,3
DA:177,0
DA:178,0
DA:181,3
DA:182,0
DA:183,0
DA:186,3
DA:233,0
DA:274,0
DA:287,0
DA:335,0
DA:376,0
DA:389,0
DA:437,0
DA:478,0
DA:491,0
LF:82
LH:27
BRDA:80,0,0,0
BRDA:80,0,1,0
BRDA:80,1,0,0
BRDA:80,1,1,0
BRDA:94,2,0,0
BRDA:94,2,1,0
BRDA:101,3,0,0
BRDA:101,3,1,0
BRDA:108,4,0,0
BRDA:108,4,1,0
BRDA:208,5,0,3
BRDA:208,5,1,3
BRDA:208,5,2,3
BRDA:210,6,0,3
BRDA:210,6,1,0
BRDA:210,7,0,3
BRDA:210,7,1,3
BRDA:210,7,2,3
BRDA:226,8,0,0
BRDA:226,8,1,3
BRDA:235,9,0,3
BRDA:235,9,1,0
BRDA:244,10,0,3
BRDA:244,10,1,3
BRDA:245,11,0,0
BRDA:245,11,1,3
BRDA:248,12,0,0
BRDA:248,12,1,0
BRDA:274,13,0,0
BRDA:274,13,1,0
BRDA:295,14,0,3
BRDA:295,14,1,0
BRDA:297,15,0,3
BRDA:297,15,1,0
BRDA:297,16,0,3
BRDA:297,16,1,3
BRDA:302,17,0,0
BRDA:302,17,1,3
BRDA:328,18,0,0
BRDA:328,18,1,3
BRDA:337,19,0,3
BRDA:337,19,1,0
BRDA:346,20,0,3
BRDA:346,20,1,3
BRDA:347,21,0,0
BRDA:347,21,1,3
BRDA:350,22,0,0
BRDA:350,22,1,0
BRDA:376,23,0,0
BRDA:376,23,1,0
BRDA:397,24,0,3
BRDA:397,24,1,0
BRDA:399,25,0,3
BRDA:399,25,1,0
BRDA:399,26,0,3
BRDA:399,26,1,3
BRDA:404,27,0,0
BRDA:404,27,1,3
BRDA:430,28,0,0
BRDA:430,28,1,3
BRDA:439,29,0,3
BRDA:439,29,1,0
BRDA:448,30,0,3
BRDA:448,30,1,3
BRDA:449,31,0,0
BRDA:449,31,1,3
BRDA:452,32,0,0
BRDA:452,32,1,0
BRDA:478,33,0,0
BRDA:478,33,1,0
BRDA:499,34,0,3
BRDA:499,34,1,0
BRDA:501,35,0,3
BRDA:501,35,1,0
BRDA:501,36,0,3
BRDA:501,36,1,3
BRDA:506,37,0,0
BRDA:506,37,1,3
BRF:78
BRH:37
end_of_record
TN:
SF:src\components\MenuHeader.stories.tsx
FN:39,(anonymous_0)
FNF:1
FNH:0
FNDA:0,(anonymous_0)
DA:6,0
DA:33,0
DA:37,0
DA:40,0
DA:43,0
DA:44,0
DA:45,0
DA:48,0
DA:49,0
DA:50,0
DA:53,0
DA:54,0
DA:55,0
DA:59,0
DA:73,0
DA:87,0
LF:16
LH:0
BRF:0
BRH:0
end_of_record
TN:
SF:src\components\MenuHeader.tsx
FN:9,MenuHeader
FN:37,(anonymous_1)
FN:46,(anonymous_2)
FN:49,(anonymous_3)
FNF:4
FNH:0
FNDA:0,MenuHeader
FNDA:0,(anonymous_1)
FNDA:0,(anonymous_2)
FNDA:0,(anonymous_3)
DA:14,0
DA:16,0
DA:37,0
DA:38,0
DA:39,0
DA:42,0
DA:47,0
DA:49,0
LF:8
LH:0
BRDA:56,0,0,0
BRDA:56,0,1,0
BRF:2
BRH:0
end_of_record
TN:
SF:src\components\ProgressiveImage.tsx
FN:17,ProgressiveImage
FN:37,(anonymous_1)
FN:44,(anonymous_2)
FN:45,(anonymous_3)
FN:63,(anonymous_4)
FN:66,(anonymous_5)
FN:78,(anonymous_6)
FN:94,(anonymous_7)
FN:123,(anonymous_8)
FN:129,(anonymous_9)
FN:132,(anonymous_10)
FN:145,(anonymous_11)
FN:146,(anonymous_12)
FNF:13
FNH:0
FNDA:0,ProgressiveImage
FNDA:0,(anonymous_1)
FNDA:0,(anonymous_2)
FNDA:0,(anonymous_3)
FNDA:0,(anonymous_4)
FNDA:0,(anonymous_5)
FNDA:0,(anonymous_6)
FNDA:0,(anonymous_7)
FNDA:0,(anonymous_8)
FNDA:0,(anonymous_9)
FNDA:0,(anonymous_10)
FNDA:0,(anonymous_11)
FNDA:0,(anonymous_12)
DA:28,0
DA:29,0
DA:30,0
DA:31,0
DA:32,0
DA:34,0
DA:37,0
DA:38,0
DA:40,0
DA:41,0
DA:42,0
DA:44,0
DA:45,0
DA:47,0
DA:48,0
DA:49,0
DA:50,0
DA:52,0
DA:53,0
DA:55,0
DA:56,0
DA:57,0
DA:59,0
DA:63,0
DA:65,0
DA:66,0
DA:67,0
DA:69,0
DA:72,0
DA:73,0
DA:78,0
DA:79,0
DA:82,0
DA:83,0
DA:84,0
DA:85,0
DA:86,0
DA:90,0
DA:91,0
DA:94,0
DA:95,0
DA:96,0
DA:97,0
DA:100,0
DA:101,0
DA:102,0
DA:106,0
DA:108,0
DA:109,0
DA:110,0
DA:111,0
DA:114,0
DA:115,0
DA:116,0
DA:121,0
DA:123,0
DA:124,0
DA:129,0
DA:130,0
DA:132,0
DA:133,0
DA:134,0
DA:135,0
DA:137,0
DA:138,0
DA:139,0
DA:145,0
DA:146,0
DA:147,0
DA:148,0
DA:150,0
DA:151,0
DA:156,0
DA:157,0
DA:167,0
LF:75
LH:0
BRDA:20,0,0,0
BRDA:21,1,0,0
BRDA:24,2,0,0
BRDA:25,3,0,0
BRDA:26,4,0,0
BRDA:55,5,0,0
BRDA:55,5,1,0
BRDA:82,6,0,0
BRDA:82,6,1,0
BRDA:82,7,0,0
BRDA:82,7,1,0
BRDA:90,8,0,0
BRDA:90,8,1,0
BRDA:101,9,0,0
BRDA:101,9,1,0
BRDA:101,10,0,0
BRDA:101,10,1,0
BRDA:108,11,0,0
BRDA:108,11,1,0
BRDA:114,12,0,0
BRDA:114,12,1,0
BRDA:115,13,0,0
BRDA:115,13,1,0
BRDA:130,14,0,0
BRDA:130,14,1,0
BRDA:133,15,0,0
BRDA:133,15,1,0
BRDA:137,16,0,0
BRDA:137,16,1,0
BRDA:137,17,0,0
BRDA:137,17,1,0
BRDA:147,18,0,0
BRDA:147,18,1,0
BRDA:147,19,0,0
BRDA:147,19,1,0
BRDA:150,20,0,0
BRDA:150,20,1,0
BRDA:150,21,0,0
BRDA:150,21,1,0
BRDA:156,22,0,0
BRDA:156,22,1,0
BRDA:170,23,0,0
BRDA:170,23,1,0
BRDA:175,24,0,0
BRDA:175,24,1,0
BRDA:182,25,0,0
BRDA:182,25,1,0
BRDA:191,26,0,0
BRDA:191,26,1,0
BRDA:191,26,2,0
BRDA:201,27,0,0
BRDA:201,27,1,0
BRDA:201,27,2,0
BRF:53
BRH:0
end_of_record
TN:
SF:src\components\SupabaseStatus.tsx
FN:6,(anonymous_0)
FN:11,(anonymous_1)
FN:17,(anonymous_2)
FN:31,(anonymous_3)
FN:40,(anonymous_4)
FN:43,(anonymous_5)
FN:46,(anonymous_6)
FNF:7
FNH:0
FNDA:0,(anonymous_0)
FNDA:0,(anonymous_1)
FNDA:0,(anonymous_2)
FNDA:0,(anonymous_3)
FNDA:0,(anonymous_4)
FNDA:0,(anonymous_5)
FNDA:0,(anonymous_6)
DA:6,0
DA:7,0
DA:8,0
DA:9,0
DA:11,0
DA:12,0
DA:13,0
DA:14,0
DA:17,0
DA:18,0
DA:19,0
DA:20,0
DA:21,0
DA:23,0
DA:24,0
DA:25,0
DA:27,0
DA:28,0
DA:29,0
DA:32,0
DA:34,0
DA:35,0
DA:37,0
DA:41,0
DA:44,0
DA:46,0
DA:47,0
DA:51,0
DA:61,0
DA:69,0
LF:30
LH:0
BRDA:14,0,0,0
BRDA:14,0,1,0
BRDA:18,1,0,0
BRDA:18,1,1,0
BRDA:18,2,0,0
BRDA:18,2,1,0
BRDA:19,3,0,0
BRDA:19,3,1,0
BRDA:19,4,0,0
BRDA:19,4,1,0
BRDA:23,5,0,0
BRDA:23,5,1,0
BRDA:32,6,0,0
BRDA:32,6,1,0
BRDA:34,7,0,0
BRDA:34,7,1,0
BRDA:34,8,0,0
BRDA:34,8,1,0
BRDA:41,9,0,0
BRDA:41,9,1,0
BRDA:44,10,0,0
BRDA:44,10,1,0
BRDA:51,11,0,0
BRDA:51,11,1,0
BRDA:53,12,0,0
BRDA:53,12,1,0
BRDA:55,13,0,0
BRDA:55,13,1,0
BRDA:57,14,0,0
BRDA:57,14,1,0
BRDA:61,15,0,0
BRDA:61,15,1,0
BRDA:63,16,0,0
BRDA:63,16,1,0
BRDA:65,17,0,0
BRDA:65,17,1,0
BRDA:73,18,0,0
BRDA:73,18,1,0
BRF:38
BRH:0
end_of_record
TN:
SF:src\components\V2PromptGenerator.tsx
FN:22,(anonymous_0)
FN:45,(anonymous_1)
FN:61,(anonymous_2)
FN:64,(anonymous_3)
FN:83,(anonymous_4)
FN:100,(anonymous_5)
FN:116,(anonymous_6)
FN:135,(anonymous_7)
FN:157,(anonymous_8)
FN:196,(anonymous_9)
FN:223,(anonymous_10)
FN:240,(anonymous_11)
FN:244,(anonymous_12)
FN:258,(anonymous_13)
FNF:14
FNH:0
FNDA:0,(anonymous_0)
FNDA:0,(anonymous_1)
FNDA:0,(anonymous_2)
FNDA:0,(anonymous_3)
FNDA:0,(anonymous_4)
FNDA:0,(anonymous_5)
FNDA:0,(anonymous_6)
FNDA:0,(anonymous_7)
FNDA:0,(anonymous_8)
FNDA:0,(anonymous_9)
FNDA:0,(anonymous_10)
FNDA:0,(anonymous_11)
FNDA:0,(anonymous_12)
FNDA:0,(anonymous_13)
DA:22,0
DA:37,0
DA:45,0
DA:61,0
DA:65,0
DA:83,0
DA:100,0
DA:116,0
DA:135,0
DA:157,0
DA:197,0
DA:224,0
DA:241,0
DA:244,0
DA:259,0
LF:15
LH:0
BRDA:52,0,0,0
BRDA:52,0,1,0
BRDA:82,1,0,0
BRDA:82,1,1,0
BRDA:99,2,0,0
BRDA:99,2,1,0
BRDA:115,3,0,0
BRDA:115,3,1,0
BRDA:134,4,0,0
BRDA:134,4,1,0
BRDA:151,5,0,0
BRDA:151,5,1,0
BRDA:154,6,0,0
BRDA:154,6,1,0
BRDA:158,7,0,0
BRDA:158,7,1,0
BRDA:166,8,0,0
BRDA:166,8,1,0
BRDA:179,9,0,0
BRDA:179,9,1,0
BRDA:217,10,0,0
BRDA:217,10,1,0
BRDA:236,11,0,0
BRDA:236,11,1,0
BRF:24
BRH:0
end_of_record
TN:
SF:src\components\ui\badge.tsx
FN:25,Badge
FNF:1
FNH:0
FNDA:0,Badge
DA:6,0
DA:26,0
LF:2
LH:0
BRF:0
BRH:0
end_of_record
TN:
SF:src\components\ui\button.stories.tsx
FN:136,(anonymous_0)
FN:157,(anonymous_1)
FNF:2
FNH:0
FNDA:0,(anonymous_0)
FNDA:0,(anonymous_1)
DA:6,0
DA:42,0
DA:48,0
DA:55,0
DA:62,0
DA:69,0
DA:76,0
DA:83,0
DA:90,0
DA:97,0
DA:104,0
DA:111,0
DA:123,0
DA:135,0
DA:137,0
DA:156,0
DA:158,0
LF:17
LH:0
BRF:0
BRH:0
end_of_record
TN:
SF:src\components\ui\button.tsx
FN:40,(anonymous_0)
FNF:1
FNH:0
FNDA:0,(anonymous_0)
DA:7,0
DA:39,0
DA:41,0
DA:42,0
DA:45,0
LF:5
LH:0
BRDA:40,0,0,0
BRDA:41,1,0,0
BRDA:41,1,1,0
BRF:3
BRH:0
end_of_record
TN:
SF:src\components\ui\collapsible.tsx
FNF:0
FNH:0
DA:3,0
DA:5,0
DA:7,0
LF:3
LH:0
BRF:0
BRH:0
end_of_record
TN:
SF:src\components\ui\popover.tsx
FN:13,(anonymous_0)
FNF:1
FNH:0
FNDA:0,(anonymous_0)
DA:6,0
DA:8,0
DA:10,0
DA:14,0
DA:27,0
LF:5
LH:0
BRDA:13,0,0,0
BRDA:13,1,0,0
BRF:2
BRH:0
end_of_record
TN:
SF:src\components\ui\table.tsx
FN:6,(anonymous_0)
FN:15,(anonymous_1)
FN:20,(anonymous_2)
FN:27,(anonymous_3)
FN:34,(anonymous_4)
FN:45,(anonymous_5)
FN:59,(anonymous_6)
FN:66,(anonymous_7)
FNF:8
FNH:0
FNDA:0,(anonymous_0)
FNDA:0,(anonymous_1)
FNDA:0,(anonymous_2)
FNDA:0,(anonymous_3)
FNDA:0,(anonymous_4)
FNDA:0,(anonymous_5)
FNDA:0,(anonymous_6)
FNDA:0,(anonymous_7)
DA:5,0
DA:7,0
DA:12,0
DA:14,0
DA:15,0
DA:17,0
DA:19,0
DA:21,0
DA:24,0
DA:26,0
DA:28,0
DA:31,0
DA:33,0
DA:35,0
DA:42,0
DA:44,0
DA:46,0
DA:56,0
DA:58,0
DA:60,0
DA:63,0
DA:65,0
DA:67,0
DA:70,0
LF:24
LH:0
BRF:0
BRH:0
end_of_record
TN:
SF:src\components\ui\textarea.tsx
FN:7,(anonymous_0)
FNF:1
FNH:0
FNDA:0,(anonymous_0)
DA:7,0
DA:8,0
DA:19,0
LF:3
LH:0
BRF:0
BRH:0
end_of_record
TN:
SF:src\helpers\gemini.ts
FN:16,generateWithImagesREST
FN:26,(anonymous_1)
FN:70,(anonymous_2)
FNF:3
FNH:0
FNDA:0,generateWithImagesREST
FNDA:0,(anonymous_1)
FNDA:0,(anonymous_2)
DA:18,0
DA:20,0
DA:21,0
DA:22,0
DA:23,0
DA:24,0
DA:26,0
DA:27,0
DA:28,0
DA:29,0
DA:30,0
DA:34,0
DA:47,0
DA:55,0
DA:56,0
DA:57,0
DA:58,0
DA:61,0
DA:62,0
DA:63,0
DA:64,0
DA:66,0
DA:67,0
DA:68,0
DA:70,0
DA:71,0
DA:72,0
DA:74,0
DA:78,0
LF:29
LH:0
BRDA:28,0,0,0
BRDA:28,0,1,0
BRDA:28,1,0,0
BRDA:28,1,1,0
BRDA:43,2,0,0
BRDA:43,2,1,0
BRDA:55,3,0,0
BRDA:55,3,1,0
BRDA:64,4,0,0
BRDA:64,4,1,0
BRDA:66,5,0,0
BRDA:66,5,1,0
BRDA:70,6,0,0
BRDA:70,6,1,0
BRF:14
BRH:0
end_of_record
TN:
SF:src\hooks\useApiCache.ts
FN:9,useApiCache
FN:13,(anonymous_1)
FN:18,(anonymous_2)
FN:32,(anonymous_3)
FN:42,(anonymous_4)
FN:46,(anonymous_5)
FN:63,(anonymous_6)
FN:78,(anonymous_7)
FN:88,(anonymous_8)
FN:91,(anonymous_9)
FNF:10
FNH:0
FNDA:0,useApiCache
FNDA:0,(anonymous_1)
FNDA:0,(anonymous_2)
FNDA:0,(anonymous_3)
FNDA:0,(anonymous_4)
FNDA:0,(anonymous_5)
FNDA:0,(anonymous_6)
FNDA:0,(anonymous_7)
FNDA:0,(anonymous_8)
FNDA:0,(anonymous_9)
DA:10,0
DA:13,0
DA:14,0
DA:18,0
DA:19,0
DA:20,0
DA:23,0
DA:24,0
DA:25,0
DA:28,0
DA:32,0
DA:33,0
DA:38,0
DA:42,0
DA:46,0
DA:47,0
DA:50,0
DA:51,0
DA:52,0
DA:56,0
DA:57,0
DA:58,0
DA:63,0
DA:64,0
DA:65,0
DA:66,0
DA:70,0
DA:71,0
DA:72,0
DA:78,0
DA:79,0
DA:80,0
DA:81,0
DA:82,0
DA:88,0
DA:89,0
DA:90,0
DA:91,0
DA:93,0
DA:100,0
LF:40
LH:0
BRDA:9,0,0,0
BRDA:20,1,0,0
BRDA:20,1,1,0
BRDA:23,2,0,0
BRDA:23,2,1,0
BRDA:32,3,0,0
BRDA:44,4,0,0
BRDA:51,5,0,0
BRDA:51,5,1,0
BRDA:64,6,0,0
BRDA:64,6,1,0
BRDA:71,7,0,0
BRDA:71,7,1,0
BRDA:81,8,0,0
BRDA:81,8,1,0
BRF:15
BRH:0
end_of_record
TN:
SF:src\hooks\useDebounce.ts
FN:3,useDebounce
FN:10,(anonymous_1)
FN:15,(anonymous_2)
FN:25,useDebouncedAsync
FN:33,(anonymous_4)
FN:34,(anonymous_5)
FN:44,(anonymous_6)
FNF:7
FNH:0
FNDA:0,useDebounce
FNDA:0,(anonymous_1)
FNDA:0,(anonymous_2)
FNDA:0,useDebouncedAsync
FNDA:0,(anonymous_4)
FNDA:0,(anonymous_5)
FNDA:0,(anonymous_6)
DA:7,0
DA:9,0
DA:11,0
DA:12,0
DA:15,0
DA:16,0
DA:22,0
DA:29,0
DA:30,0
DA:32,0
DA:34,0
DA:35,0
DA:36,0
DA:40,0
DA:41,0
DA:44,0
DA:45,0
DA:46,0
DA:47,0
DA:48,0
DA:51,0
DA:52,0
DA:53,0
DA:57,0
DA:58,0
DA:59,0
DA:68,0
LF:27
LH:0
BRDA:11,0,0,0
BRDA:11,0,1,0
BRDA:35,1,0,0
BRDA:35,1,1,0
BRDA:40,2,0,0
BRDA:40,2,1,0
BRDA:51,3,0,0
BRDA:51,3,1,0
BRDA:57,4,0,0
BRDA:57,4,1,0
BRF:10
BRH:0
end_of_record
TN:
SF:src\hooks\useImageProcessor.ts
FN:14,useImageProcessor
FN:20,(anonymous_1)
FN:28,(anonymous_2)
FN:33,(anonymous_3)
FN:45,(anonymous_4)
FN:71,(anonymous_5)
FN:79,(anonymous_6)
FN:88,(anonymous_7)
FN:99,(anonymous_8)
FN:115,(anonymous_9)
FN:126,(anonymous_10)
FN:131,(anonymous_11)
FN:136,(anonymous_12)
FN:141,(anonymous_13)
FN:142,(anonymous_14)
FN:154,(anonymous_15)
FNF:16
FNH:0
FNDA:0,useImageProcessor
FNDA:0,(anonymous_1)
FNDA:0,(anonymous_2)
FNDA:0,(anonymous_3)
FNDA:0,(anonymous_4)
FNDA:0,(anonymous_5)
FNDA:0,(anonymous_6)
FNDA:0,(anonymous_7)
FNDA:0,(anonymous_8)
FNDA:0,(anonymous_9)
FNDA:0,(anonymous_10)
FNDA:0,(anonymous_11)
FNDA:0,(anonymous_12)
FNDA:0,(anonymous_13)
FNDA:0,(anonymous_14)
FNDA:0,(anonymous_15)
DA:15,0
DA:16,0
DA:17,0
DA:20,0
DA:21,0
DA:23,0
DA:28,0
DA:29,0
DA:31,0
DA:32,0
DA:33,0
DA:34,0
DA:35,0
DA:36,0
DA:37,0
DA:39,0
DA:41,0
DA:42,0
DA:43,0
DA:45,0
DA:46,0
DA:47,0
DA:48,0
DA:49,0
DA:57,0
DA:60,0
DA:61,0
DA:62,0
DA:64,0
DA:66,0
DA:71,0
DA:72,0
DA:75,0
DA:79,0
DA:84,0
DA:85,0
DA:88,0
DA:89,0
DA:90,0
DA:96,0
DA:99,0
DA:101,0
DA:104,0
DA:112,0
DA:115,0
DA:116,0
DA:117,0
DA:118,0
DA:119,0
DA:126,0
DA:131,0
DA:132,0
DA:136,0
DA:137,0
DA:141,0
DA:142,0
DA:143,0
DA:144,0
DA:145,0
DA:146,0
DA:149,0
DA:154,0
DA:155,0
DA:156,0
DA:157,0
DA:159,0
DA:160,0
DA:163,0
LF:68
LH:0
BRDA:21,0,0,0
BRDA:21,0,1,0
BRDA:31,1,0,0
BRDA:31,1,1,0
BRDA:36,2,0,0
BRDA:36,2,1,0
BRDA:41,3,0,0
BRDA:41,3,1,0
BRDA:48,4,0,0
BRDA:48,4,1,0
BRDA:52,5,0,0
BRDA:52,5,1,0
BRDA:60,6,0,0
BRDA:60,6,1,0
BRDA:61,7,0,0
BRDA:61,7,1,0
BRDA:81,8,0,0
BRDA:82,9,0,0
BRDA:117,10,0,0
BRDA:117,10,1,0
BRDA:128,11,0,0
BRDA:129,12,0,0
BRDA:145,13,0,0
BRDA:145,13,1,0
BRDA:145,14,0,0
BRDA:145,14,1,0
BRDA:155,15,0,0
BRDA:155,15,1,0
BRF:28
BRH:0
end_of_record
TN:
SF:src\integrations\supabase\client.ts
FNF:0
FNH:0
DA:3,0
DA:4,0
DA:6,0
DA:7,0
DA:9,0
DA:13,0
LF:6
LH:0
BRDA:6,0,0,0
BRDA:6,0,1,0
BRDA:6,0,2,0
BRDA:7,1,0,0
BRDA:7,1,1,0
BRDA:7,1,2,0
BRDA:9,2,0,0
BRDA:9,2,1,0
BRDA:9,3,0,0
BRDA:9,3,1,0
BRDA:13,4,0,0
BRDA:13,4,1,0
BRF:12
BRH:0
end_of_record
TN:
SF:src\lib\geminiPrompts.ts
FN:70,validateQualityWordCount
FN:81,validateFastWordCount
FNF:2
FNH:0
FNDA:0,validateQualityWordCount
FNDA:0,validateFastWordCount
DA:3,0
DA:33,0
DA:50,0
DA:52,0
DA:55,0
DA:62,0
DA:71,0
DA:72,0
DA:74,0
DA:82,0
DA:83,0
DA:85,0
DA:93,0
DA:95,0
LF:14
LH:0
BRDA:77,0,0,0
BRDA:77,0,1,0
BRDA:88,1,0,0
BRDA:88,1,1,0
BRF:4
BRH:0
end_of_record
TN:
SF:src\lib\imageAnalysis.ts
FN:51,filterBannedTokens
FN:69,isLowConfidence
FN:78,(anonymous_2)
FN:88,getAnalysisPrompt
FN:115,analyzeImagesFactual
FN:225,logAnalysisMetrics
FNF:6
FNH:0
FNDA:0,filterBannedTokens
FNDA:0,isLowConfidence
FNDA:0,(anonymous_2)
FNDA:0,getAnalysisPrompt
FNDA:0,analyzeImagesFactual
FNDA:0,logAnalysisMetrics
DA:4,1
DA:25,1
DA:52,0
DA:53,0
DA:55,0
DA:56,0
DA:57,0
DA:58,0
DA:59,0
DA:63,0
DA:71,0
DA:74,0
DA:77,0
DA:78,0
DA:79,0
DA:82,0
DA:89,0
DA:91,0
DA:93,0
DA:98,0
DA:103,0
DA:108,0
DA:119,0
DA:120,0
DA:123,0
DA:126,0
DA:131,0
DA:132,0
DA:133,0
DA:135,0
DA:136,0
DA:137,0
DA:139,0
DA:140,0
DA:142,0
DA:151,0
DA:153,0
DA:155,0
DA:163,0
DA:166,0
DA:169,0
DA:171,0
DA:172,0
DA:177,0
DA:180,0
DA:186,0
DA:201,0
DA:202,0
DA:204,0
DA:206,0
DA:226,0
DA:228,0
DA:239,0
DA:240,0
LF:54
LH:2
BRDA:57,0,0,0
BRDA:57,0,1,0
BRDA:71,1,0,0
BRDA:71,1,1,0
BRDA:74,2,0,0
BRDA:74,2,1,0
BRDA:74,3,0,0
BRDA:74,3,1,0
BRDA:79,4,0,0
BRDA:79,4,1,0
BRDA:91,5,0,0
BRDA:91,5,1,0
BRDA:91,5,2,0
BRDA:91,5,3,0
BRDA:93,6,0,0
BRDA:93,6,1,0
BRDA:98,7,0,0
BRDA:98,7,1,0
BRDA:103,8,0,0
BRDA:103,8,1,0
BRDA:120,9,0,0
BRDA:120,9,1,0
BRDA:126,10,0,0
BRDA:126,10,1,0
BRDA:132,11,0,0
BRDA:132,11,1,0
BRDA:136,12,0,0
BRDA:136,12,1,0
BRDA:136,13,0,0
BRDA:136,13,1,0
BRDA:169,14,0,0
BRDA:169,14,1,0
BRDA:171,15,0,0
BRDA:171,15,1,0
BRDA:187,16,0,0
BRDA:187,16,1,0
BRDA:204,17,0,0
BRDA:204,17,1,0
BRDA:239,18,0,0
BRDA:239,18,1,0
BRF:40
BRH:0
end_of_record
TN:
SF:src\lib\promptTemplates.ts
FN:176,getTemplate
FN:180,getAllTemplates
FN:184,getTemplateNames
FN:185,(anonymous_3)
FN:189,buildCustomPrompt
FNF:5
FNH:0
FNDA:0,getTemplate
FNDA:0,getAllTemplates
FNDA:0,getTemplateNames
FNDA:0,(anonymous_3)
FNDA:0,buildCustomPrompt
DA:9,0
DA:177,0
DA:181,0
DA:185,0
DA:194,0
DA:196,0
DA:197,0
DA:200,0
DA:201,0
DA:204,0
DA:206,0
LF:11
LH:0
BRDA:196,0,0,0
BRDA:196,0,1,0
BRDA:196,1,0,0
BRDA:196,1,1,0
BRDA:200,2,0,0
BRDA:200,2,1,0
BRF:6
BRH:0
end_of_record
TN:
SF:src\lib\systemPrompts.ts
FN:5,getCaptionPrompt
FN:23,getObjectsPrompt
FN:35,getTagsPrompt
FN:45,getTextToPromptSystemPrompt
FN:66,getPromptRefineSystemPrompt
FN:79,getPromptEvaluateSystemPrompt
FN:94,getPromptSimplifySystemPrompt
FNF:7
FNH:0
FNDA:0,getCaptionPrompt
FNDA:0,getObjectsPrompt
FNDA:0,getTagsPrompt
FNDA:0,getTextToPromptSystemPrompt
FNDA:0,getPromptRefineSystemPrompt
FNDA:0,getPromptEvaluateSystemPrompt
FNDA:0,getPromptSimplifySystemPrompt
DA:6,0
DA:16,0
DA:17,0
DA:20,0
DA:24,0
DA:36,0
DA:46,0
DA:52,0
DA:67,0
DA:80,0
DA:95,0
LF:11
LH:0
BRDA:6,0,0,0
BRDA:6,0,1,0
BRDA:6,1,0,0
BRDA:6,1,1,0
BRDA:16,2,0,0
BRDA:16,2,1,0
BRF:6
BRH:0
end_of_record
TN:
SF:src\lib\utils.ts
FN:4,cn
FN:17,composePrompt
FNF:2
FNH:0
FNDA:0,cn
FNDA:0,composePrompt
DA:5,0
DA:18,0
DA:19,0
DA:20,0
DA:23,0
DA:24,0
DA:28,0
DA:29,0
DA:30,0
DA:34,0
DA:35,0
DA:36,0
DA:40,0
DA:41,0
DA:45,0
DA:46,0
DA:50,0
LF:17
LH:0
BRDA:18,0,0,0
BRDA:18,1,0,0
BRDA:20,2,0,0
BRDA:20,2,1,0
BRDA:23,3,0,0
BRDA:23,3,1,0
BRDA:23,4,0,0
BRDA:23,4,1,0
BRDA:28,5,0,0
BRDA:28,5,1,0
BRDA:28,6,0,0
BRDA:28,6,1,0
BRDA:28,6,2,0
BRDA:34,7,0,0
BRDA:34,7,1,0
BRDA:34,8,0,0
BRDA:34,8,1,0
BRDA:34,8,2,0
BRDA:40,9,0,0
BRDA:40,9,1,0
BRDA:45,10,0,0
BRDA:45,10,1,0
BRF:22
BRH:0
end_of_record
TN:
SF:src\services\analyzeImage.ts
FN:13,analyzeImage
FNF:1
FNH:0
FNDA:0,analyzeImage
DA:17,0
DA:18,0
DA:20,0
DA:21,0
DA:22,0
DA:23,0
DA:26,0
DA:27,0
DA:30,0
DA:31,0
DA:35,0
DA:36,0
DA:37,0
DA:38,0
DA:43,0
DA:44,0
DA:47,0
DA:48,0
DA:49,0
DA:53,0
DA:54,0
DA:57,0
DA:59,0
DA:64,0
DA:66,0
DA:69,0
DA:70,0
DA:72,0
DA:75,0
DA:78,0
DA:81,0
DA:82,0
DA:83,0
DA:87,0
DA:90,0
DA:93,0
DA:94,0
DA:106,0
DA:113,0
DA:123,0
DA:125,0
DA:136,0
DA:137,0
LF:43
LH:0
BRDA:20,0,0,0
BRDA:20,0,1,0
BRDA:20,0,2,0
BRDA:22,1,0,0
BRDA:22,1,1,0
BRDA:23,2,0,0
BRDA:23,2,1,0
BRDA:26,3,0,0
BRDA:26,3,1,0
BRDA:26,4,0,0
BRDA:26,4,1,0
BRDA:30,5,0,0
BRDA:30,5,1,0
BRDA:30,6,0,0
BRDA:30,6,1,0
BRDA:35,7,0,0
BRDA:35,7,1,0
BRDA:37,8,0,0
BRDA:37,8,1,0
BRDA:47,9,0,0
BRDA:47,9,1,0
BRDA:53,10,0,0
BRDA:53,10,1,0
BRDA:53,11,0,0
BRDA:53,11,1,0
BRDA:57,12,0,0
BRDA:57,12,1,0
BRDA:69,13,0,0
BRDA:69,13,1,0
BRDA:69,14,0,0
BRDA:69,14,1,0
BRDA:82,15,0,0
BRDA:82,15,1,0
BRDA:87,16,0,0
BRDA:87,16,1,0
BRDA:88,17,0,0
BRDA:88,17,1,0
BRDA:101,18,0,0
BRDA:101,18,1,0
BRF:39
BRH:0
end_of_record
TN:
SF:src\services\gemini.ts
FN:66,analyzeSubject
FN:82,analyzeScene
FN:99,analyzeStyle
FN:116,analyzeComprehensive
FN:136,analyzeImage
FN:200,textToPrompt
FN:268,refinePrompt
FN:299,createAdvancedPrompt
FN:373,parseAdvancedResponse
FN:395,(anonymous_9)
FN:396,(anonymous_10)
FN:434,(anonymous_11)
FN:435,(anonymous_12)
FN:445,(anonymous_13)
FN:446,(anonymous_14)
FN:470,fileToBase64
FN:471,(anonymous_16)
FN:474,(anonymous_17)
FN:484,(anonymous_18)
FN:493,tryParseJson
FN:515,handleGeminiError
FN:558,parseStructuredResponse
FNF:22
FNH:0
FNDA:0,analyzeSubject
FNDA:0,analyzeScene
FNDA:0,analyzeStyle
FNDA:0,analyzeComprehensive
FNDA:0,analyzeImage
FNDA:0,textToPrompt
FNDA:0,refinePrompt
FNDA:0,createAdvancedPrompt
FNDA:0,parseAdvancedResponse
FNDA:0,(anonymous_9)
FNDA:0,(anonymous_10)
FNDA:0,(anonymous_11)
FNDA:0,(anonymous_12)
FNDA:0,(anonymous_13)
FNDA:0,(anonymous_14)
FNDA:0,fileToBase64
FNDA:0,(anonymous_16)
FNDA:0,(anonymous_17)
FNDA:0,(anonymous_18)
FNDA:0,tryParseJson
FNDA:0,handleGeminiError
FNDA:0,parseStructuredResponse
DA:4,0
DA:9,0
DA:10,0
DA:11,0
DA:13,0
DA:14,0
DA:15,0
DA:16,0
DA:17,0
DA:18,0
DA:19,0
DA:22,0
DA:26,0
DA:27,0
DA:28,0
DA:31,0
DA:34,0
DA:35,0
DA:70,0
DA:86,0
DA:103,0
DA:120,0
DA:140,0
DA:143,0
DA:152,0
DA:154,0
DA:155,0
DA:156,0
DA:159,0
DA:161,0
DA:162,0
DA:163,0
DA:166,0
DA:169,0
DA:177,0
DA:178,0
DA:179,0
DA:180,0
DA:181,0
DA:182,0
DA:183,0
DA:186,0
DA:188,0
DA:190,0
DA:193,0
DA:205,0
DA:207,0
DA:208,0
DA:210,0
DA:211,0
DA:214,0
DA:215,0
DA:218,0
DA:220,0
DA:223,0
DA:234,0
DA:235,0
DA:236,0
DA:237,0
DA:240,0
DA:241,0
DA:242,0
DA:250,0
DA:251,0
DA:253,0
DA:254,0
DA:255,0
DA:258,0
DA:260,0
DA:261,0
DA:272,0
DA:273,0
DA:275,0
DA:277,0
DA:278,0
DA:280,0
DA:281,0
DA:283,0
DA:284,0
DA:287,0
DA:288,0
DA:289,0
DA:291,0
DA:292,0
DA:300,0
DA:302,0
DA:305,0
DA:307,0
DA:308,0
DA:310,0
DA:311,0
DA:313,0
DA:314,0
DA:316,0
DA:317,0
DA:319,0
DA:320,0
DA:322,0
DA:323,0
DA:325,0
DA:329,0
DA:330,0
DA:331,0
DA:332,0
DA:336,0
DA:337,0
DA:339,0
DA:340,0
DA:343,0
DA:344,0
DA:347,0
DA:348,0
DA:351,0
DA:352,0
DA:355,0
DA:356,0
DA:359,0
DA:360,0
DA:363,0
DA:364,0
DA:367,0
DA:374,0
DA:375,0
DA:381,0
DA:387,0
DA:388,0
DA:391,0
DA:392,0
DA:393,0
DA:395,0
DA:396,0
DA:400,0
DA:401,0
DA:402,0
DA:406,0
DA:407,0
DA:408,0
DA:412,0
DA:413,0
DA:414,0
DA:418,0
DA:419,0
DA:420,0
DA:424,0
DA:425,0
DA:426,0
DA:430,0
DA:431,0
DA:432,0
DA:434,0
DA:435,0
DA:439,0
DA:440,0
DA:441,0
DA:442,0
DA:443,0
DA:445,0
DA:446,0
DA:451,0
DA:464,0
DA:471,0
DA:472,0
DA:473,0
DA:474,0
DA:475,0
DA:477,0
DA:478,0
DA:479,0
DA:481,0
DA:484,0
DA:494,0
DA:496,0
DA:497,0
DA:498,0
DA:502,0
DA:505,0
DA:516,0
DA:519,0
DA:520,0
DA:524,0
DA:525,0
DA:529,0
DA:530,0
DA:534,0
DA:535,0
DA:539,0
DA:540,0
DA:544,0
DA:545,0
DA:549,0
DA:560,0
DA:561,0
DA:562,0
DA:573,0
LF:194
LH:0
BRDA:4,0,0,0
BRDA:4,0,1,0
BRDA:4,0,2,0
BRDA:9,1,0,0
BRDA:9,1,1,0
BRDA:13,2,0,0
BRDA:13,2,1,0
BRDA:15,3,0,0
BRDA:15,3,1,0
BRDA:26,4,0,0
BRDA:26,4,1,0
BRDA:27,5,0,0
BRDA:27,5,1,0
BRDA:34,6,0,0
BRDA:34,6,1,0
BRDA:68,7,0,0
BRDA:84,8,0,0
BRDA:101,9,0,0
BRDA:118,10,0,0
BRDA:138,11,0,0
BRDA:154,12,0,0
BRDA:154,12,1,0
BRDA:210,13,0,0
BRDA:210,13,1,0
BRDA:214,14,0,0
BRDA:214,14,1,0
BRDA:234,15,0,0
BRDA:234,15,1,0
BRDA:244,16,0,0
BRDA:244,16,1,0
BRDA:246,17,0,0
BRDA:246,17,1,0
BRDA:250,18,0,0
BRDA:250,18,1,0
BRDA:250,18,2,0
BRDA:253,19,0,0
BRDA:253,19,1,0
BRDA:253,20,0,0
BRDA:253,20,1,0
BRDA:270,21,0,0
BRDA:275,22,0,0
BRDA:275,22,1,0
BRDA:275,22,2,0
BRDA:300,23,0,0
BRDA:300,24,0,0
BRDA:300,25,0,0
BRDA:305,26,0,0
BRDA:305,26,1,0
BRDA:305,26,2,0
BRDA:305,26,3,0
BRDA:305,26,4,0
BRDA:305,26,5,0
BRDA:305,26,6,0
BRDA:329,27,0,0
BRDA:329,27,1,0
BRDA:331,28,0,0
BRDA:331,28,1,0
BRDA:339,29,0,0
BRDA:339,29,1,0
BRDA:339,30,0,0
BRDA:339,30,1,0
BRDA:343,31,0,0
BRDA:343,31,1,0
BRDA:343,32,0,0
BRDA:343,32,1,0
BRDA:343,32,2,0
BRDA:347,33,0,0
BRDA:347,33,1,0
BRDA:347,34,0,0
BRDA:347,34,1,0
BRDA:347,34,2,0
BRDA:351,35,0,0
BRDA:351,35,1,0
BRDA:351,36,0,0
BRDA:351,36,1,0
BRDA:351,36,2,0
BRDA:355,37,0,0
BRDA:355,37,1,0
BRDA:355,38,0,0
BRDA:355,38,1,0
BRDA:355,38,2,0
BRDA:359,39,0,0
BRDA:359,39,1,0
BRDA:359,40,0,0
BRDA:359,40,1,0
BRDA:363,41,0,0
BRDA:363,41,1,0
BRDA:388,42,0,0
BRDA:388,42,1,0
BRDA:388,43,0,0
BRDA:388,43,1,0
BRDA:388,44,0,0
BRDA:388,44,1,0
BRDA:392,45,0,0
BRDA:392,45,1,0
BRDA:392,46,0,0
BRDA:392,46,1,0
BRDA:401,47,0,0
BRDA:401,47,1,0
BRDA:401,48,0,0
BRDA:401,48,1,0
BRDA:407,49,0,0
BRDA:407,49,1,0
BRDA:407,50,0,0
BRDA:407,50,1,0
BRDA:413,51,0,0
BRDA:413,51,1,0
BRDA:413,52,0,0
BRDA:413,52,1,0
BRDA:419,53,0,0
BRDA:419,53,1,0
BRDA:419,54,0,0
BRDA:419,54,1,0
BRDA:425,55,0,0
BRDA:425,55,1,0
BRDA:425,56,0,0
BRDA:425,56,1,0
BRDA:431,57,0,0
BRDA:431,57,1,0
BRDA:431,58,0,0
BRDA:431,58,1,0
BRDA:439,59,0,0
BRDA:439,59,1,0
BRDA:439,60,0,0
BRDA:439,60,1,0
BRDA:439,60,2,0
BRDA:439,60,3,0
BRDA:441,61,0,0
BRDA:441,61,1,0
BRDA:441,62,0,0
BRDA:441,62,1,0
BRDA:441,62,2,0
BRDA:452,63,0,0
BRDA:452,63,1,0
BRDA:459,64,0,0
BRDA:459,64,1,0
BRDA:478,65,0,0
BRDA:478,65,1,0
BRDA:497,66,0,0
BRDA:497,66,1,0
BRDA:515,67,0,0
BRDA:516,68,0,0
BRDA:516,68,1,0
BRDA:519,69,0,0
BRDA:519,69,1,0
BRDA:519,70,0,0
BRDA:519,70,1,0
BRDA:524,71,0,0
BRDA:524,71,1,0
BRDA:524,72,0,0
BRDA:524,72,1,0
BRDA:529,73,0,0
BRDA:529,73,1,0
BRDA:529,74,0,0
BRDA:529,74,1,0
BRDA:534,75,0,0
BRDA:534,75,1,0
BRDA:534,76,0,0
BRDA:534,76,1,0
BRDA:539,77,0,0
BRDA:539,77,1,0
BRDA:539,78,0,0
BRDA:539,78,1,0
BRDA:539,78,2,0
BRDA:539,78,3,0
BRDA:544,79,0,0
BRDA:544,79,1,0
BRDA:544,80,0,0
BRDA:544,80,1,0
BRDA:558,81,0,0
BRDA:561,82,0,0
BRDA:561,82,1,0
BRF:172
BRH:0
end_of_record
TN:
SF:src\services\geminiClient.ts
FN:16,callGemini
FN:68,callWithFallback
FNF:2
FNH:0
FNDA:0,callGemini
FNDA:0,callWithFallback
DA:14,0
DA:17,0
DA:19,0
DA:20,0
DA:23,0
DA:25,0
DA:32,0
DA:35,0
DA:38,0
DA:39,0
DA:40,0
DA:42,0
DA:49,0
DA:52,0
DA:53,0
DA:54,0
DA:55,0
DA:56,0
DA:57,0
DA:58,0
DA:59,0
DA:60,0
DA:61,0
DA:63,0
DA:75,0
DA:76,0
DA:83,0
DA:85,0
LF:28
LH:0
BRDA:23,0,0,0
BRDA:23,0,1,0
BRDA:23,1,0,0
BRDA:23,1,1,0
BRDA:52,2,0,0
BRDA:52,2,1,0
BRDA:54,3,0,0
BRDA:54,3,1,0
BRDA:56,4,0,0
BRDA:56,4,1,0
BRDA:58,5,0,0
BRDA:58,5,1,0
BRDA:60,6,0,0
BRDA:60,6,1,0
BRDA:63,7,0,0
BRDA:63,7,1,0
BRDA:73,8,0,0
BRF:17
BRH:0
end_of_record
TN:
SF:src\services\imageToPrompt.ts
FN:26,(anonymous_0)
FN:40,(anonymous_1)
FN:84,(anonymous_2)
FN:113,(anonymous_3)
FN:173,(anonymous_4)
FN:197,(anonymous_5)
FN:205,(anonymous_6)
FN:217,(anonymous_7)
FN:229,(anonymous_8)
FN:240,(anonymous_9)
FN:248,(anonymous_10)
FN:256,(anonymous_11)
FN:257,(anonymous_12)
FN:259,(anonymous_13)
FN:279,(anonymous_14)
FN:291,(anonymous_15)
FNF:16
FNH:0
FNDA:0,(anonymous_0)
FNDA:0,(anonymous_1)
FNDA:0,(anonymous_2)
FNDA:0,(anonymous_3)
FNDA:0,(anonymous_4)
FNDA:0,(anonymous_5)
FNDA:0,(anonymous_6)
FNDA:0,(anonymous_7)
FNDA:0,(anonymous_8)
FNDA:0,(anonymous_9)
FNDA:0,(anonymous_10)
FNDA:0,(anonymous_11)
FNDA:0,(anonymous_12)
FNDA:0,(anonymous_13)
FNDA:0,(anonymous_14)
FNDA:0,(anonymous_15)
DA:27,0
DA:28,0
DA:31,0
DA:32,0
DA:45,0
DA:46,0
DA:52,0
DA:53,0
DA:55,0
DA:56,0
DA:66,0
DA:67,0
DA:68,0
DA:69,0
DA:71,0
DA:72,0
DA:74,0
DA:76,0
DA:77,0
DA:90,0
DA:92,0
DA:93,0
DA:99,0
DA:100,0
DA:101,0
DA:103,0
DA:107,0
DA:114,0
DA:116,0
DA:119,0
DA:121,0
DA:122,0
DA:124,0
DA:125,0
DA:127,0
DA:128,0
DA:130,0
DA:131,0
DA:133,0
DA:137,0
DA:139,0
DA:140,0
DA:142,0
DA:143,0
DA:145,0
DA:146,0
DA:148,0
DA:152,0
DA:153,0
DA:156,0
DA:167,0
DA:174,0
DA:177,0
DA:178,0
DA:181,0
DA:190,0
DA:191,0
DA:198,0
DA:199,0
DA:205,0
DA:206,0
DA:207,0
DA:211,0
DA:218,0
DA:226,0
DA:228,0
DA:229,0
DA:230,0
DA:234,0
DA:241,0
DA:242,0
DA:249,0
DA:250,0
DA:257,0
DA:258,0
DA:259,0
DA:260,0
DA:261,0
DA:262,0
DA:263,0
DA:264,0
DA:266,0
DA:271,0
DA:272,0
DA:283,0
DA:285,0
DA:286,0
DA:287,0
DA:288,0
DA:291,0
DA:293,0
DA:298,0
DA:303,0
LF:93
LH:0
BRDA:27,0,0,0
BRDA:27,0,1,0
BRDA:43,1,0,0
BRDA:77,2,0,0
BRDA:77,2,1,0
BRDA:87,3,0,0
BRDA:88,4,0,0
BRDA:114,5,0,0
BRDA:114,6,0,0
BRDA:114,7,0,0
BRDA:114,8,0,0
BRDA:119,9,0,0
BRDA:119,9,1,0
BRDA:119,9,2,0
BRDA:119,9,3,0
BRDA:119,9,4,0
BRDA:137,10,0,0
BRDA:137,10,1,0
BRDA:137,10,2,0
BRDA:137,10,3,0
BRDA:152,11,0,0
BRDA:152,11,1,0
BRDA:206,12,0,0
BRDA:206,12,1,0
BRDA:229,13,0,0
BRDA:229,13,1,0
BRDA:262,14,0,0
BRDA:262,14,1,0
BRDA:281,15,0,0
BRF:29
BRH:0
end_of_record
TN:
SF:src\services\metricsStore.ts
FN:13,(anonymous_0)
FN:22,(anonymous_1)
FN:24,(anonymous_2)
FN:25,(anonymous_3)
FN:26,(anonymous_4)
FN:29,(anonymous_5)
FN:33,(anonymous_6)
FN:34,(anonymous_7)
FN:37,(anonymous_8)
FN:58,(anonymous_9)
FNF:10
FNH:0
FNDA:0,(anonymous_0)
FNDA:0,(anonymous_1)
FNDA:0,(anonymous_2)
FNDA:0,(anonymous_3)
FNDA:0,(anonymous_4)
FNDA:0,(anonymous_5)
FNDA:0,(anonymous_6)
FNDA:0,(anonymous_7)
FNDA:0,(anonymous_8)
FNDA:0,(anonymous_9)
DA:11,0
DA:14,0
DA:17,0
DA:18,0
DA:23,0
DA:24,0
DA:25,0
DA:26,0
DA:28,0
DA:29,0
DA:32,0
DA:33,0
DA:34,0
DA:36,0
DA:38,0
DA:39,0
DA:40,0
DA:45,0
DA:59,0
DA:63,0
LF:20
LH:0
BRDA:17,0,0,0
BRDA:17,0,1,0
BRDA:28,1,0,0
BRDA:28,1,1,0
BRDA:34,2,0,0
BRDA:34,2,1,0
BRDA:38,3,0,0
BRDA:38,3,1,0
BRDA:39,4,0,0
BRDA:39,4,1,0
BRDA:49,5,0,0
BRDA:49,5,1,0
BRDA:50,6,0,0
BRDA:50,6,1,0
BRF:14
BRH:0
end_of_record
TN:
SF:src\services\promptApi.ts
FN:1,generateWithGemini
FN:80,(anonymous_1)
FN:93,generateWithGeminiImages
FN:132,(anonymous_3)
FN:185,(anonymous_4)
FNF:5
FNH:0
FNDA:0,generateWithGemini
FNDA:0,(anonymous_1)
FNDA:0,generateWithGeminiImages
FNDA:0,(anonymous_3)
FNDA:0,(anonymous_4)
DA:2,0
DA:3,0
DA:4,0
DA:5,0
DA:6,0
DA:7,0
DA:8,0
DA:9,0
DA:10,0
DA:12,0
DA:15,0
DA:16,0
DA:17,0
DA:18,0
DA:19,0
DA:21,0
DA:23,0
DA:28,0
DA:29,0
DA:36,0
DA:43,0
DA:44,0
DA:45,0
DA:46,0
DA:47,0
DA:48,0
DA:49,0
DA:50,0
DA:52,0
DA:54,0
DA:55,0
DA:56,0
DA:57,0
DA:58,0
DA:59,0
DA:60,0
DA:61,0
DA:65,0
DA:68,0
DA:71,0
DA:72,0
DA:73,0
DA:74,0
DA:76,0
DA:78,0
DA:79,0
DA:80,0
DA:82,0
DA:85,0
DA:86,0
DA:87,0
DA:90,0
DA:94,0
DA:95,0
DA:96,0
DA:97,0
DA:98,0
DA:99,0
DA:100,0
DA:101,0
DA:102,0
DA:104,0
DA:107,0
DA:108,0
DA:109,0
DA:110,0
DA:111,0
DA:113,0
DA:115,0
DA:116,0
DA:117,0
DA:118,0
DA:121,0
DA:122,0
DA:123,0
DA:124,0
DA:127,0
DA:128,0
DA:129,0
DA:131,0
DA:132,0
DA:133,0
DA:134,0
DA:137,0
DA:141,0
DA:148,0
DA:149,0
DA:150,0
DA:151,0
DA:152,0
DA:153,0
DA:154,0
DA:155,0
DA:157,0
DA:159,0
DA:160,0
DA:161,0
DA:162,0
DA:163,0
DA:164,0
DA:165,0
DA:166,0
DA:170,0
DA:173,0
DA:176,0
DA:177,0
DA:178,0
DA:179,0
DA:181,0
DA:183,0
DA:184,0
DA:185,0
DA:187,0
DA:190,0
DA:191,0
DA:192,0
DA:195,0
LF:117
LH:0
BRDA:1,0,0,0
BRDA:4,1,0,0
BRDA:4,1,1,0
BRDA:5,2,0,0
BRDA:5,2,1,0
BRDA:5,2,2,0
BRDA:5,2,3,0
BRDA:6,3,0,0
BRDA:6,3,1,0
BRDA:6,4,0,0
BRDA:6,4,1,0
BRDA:8,5,0,0
BRDA:8,5,1,0
BRDA:15,6,0,0
BRDA:15,6,1,0
BRDA:15,6,2,0
BRDA:17,7,0,0
BRDA:17,7,1,0
BRDA:18,8,0,0
BRDA:18,8,1,0
BRDA:28,9,0,0
BRDA:28,9,1,0
BRDA:43,10,0,0
BRDA:43,10,1,0
BRDA:46,11,0,0
BRDA:46,11,1,0
BRDA:46,12,0,0
BRDA:46,12,1,0
BRDA:47,13,0,0
BRDA:47,13,1,0
BRDA:54,14,0,0
BRDA:54,14,1,0
BRDA:55,15,0,0
BRDA:55,15,1,0
BRDA:55,15,2,0
BRDA:56,16,0,0
BRDA:56,16,1,0
BRDA:58,17,0,0
BRDA:58,17,1,0
BRDA:59,18,0,0
BRDA:59,18,1,0
BRDA:60,19,0,0
BRDA:60,19,1,0
BRDA:72,20,0,0
BRDA:72,20,1,0
BRDA:73,21,0,0
BRDA:73,21,1,0
BRDA:74,22,0,0
BRDA:74,22,1,0
BRDA:76,23,0,0
BRDA:76,23,1,0
BRDA:78,24,0,0
BRDA:78,24,1,0
BRDA:79,25,0,0
BRDA:79,25,1,0
BRDA:80,26,0,0
BRDA:80,26,1,0
BRDA:85,27,0,0
BRDA:85,27,1,0
BRDA:85,28,0,0
BRDA:85,28,1,0
BRDA:85,28,2,0
BRDA:90,29,0,0
BRDA:90,29,1,0
BRDA:93,30,0,0
BRDA:96,31,0,0
BRDA:96,31,1,0
BRDA:97,32,0,0
BRDA:97,32,1,0
BRDA:97,32,2,0
BRDA:97,32,3,0
BRDA:98,33,0,0
BRDA:98,33,1,0
BRDA:98,34,0,0
BRDA:98,34,1,0
BRDA:100,35,0,0
BRDA:100,35,1,0
BRDA:107,36,0,0
BRDA:107,36,1,0
BRDA:107,36,2,0
BRDA:109,37,0,0
BRDA:109,37,1,0
BRDA:116,38,0,0
BRDA:116,38,1,0
BRDA:116,39,0,0
BRDA:116,39,1,0
BRDA:122,40,0,0
BRDA:122,40,1,0
BRDA:133,41,0,0
BRDA:133,41,1,0
BRDA:148,42,0,0
BRDA:148,42,1,0
BRDA:151,43,0,0
BRDA:151,43,1,0
BRDA:151,44,0,0
BRDA:151,44,1,0
BRDA:152,45,0,0
BRDA:152,45,1,0
BRDA:159,46,0,0
BRDA:159,46,1,0
BRDA:160,47,0,0
BRDA:160,47,1,0
BRDA:160,47,2,0
BRDA:161,48,0,0
BRDA:161,48,1,0
BRDA:163,49,0,0
BRDA:163,49,1,0
BRDA:164,50,0,0
BRDA:164,50,1,0
BRDA:165,51,0,0
BRDA:165,51,1,0
BRDA:177,52,0,0
BRDA:177,52,1,0
BRDA:178,53,0,0
BRDA:178,53,1,0
BRDA:179,54,0,0
BRDA:179,54,1,0
BRDA:181,55,0,0
BRDA:181,55,1,0
BRDA:183,56,0,0
BRDA:183,56,1,0
BRDA:184,57,0,0
BRDA:184,57,1,0
BRDA:185,58,0,0
BRDA:185,58,1,0
BRDA:190,59,0,0
BRDA:190,59,1,0
BRDA:190,60,0,0
BRDA:190,60,1,0
BRDA:190,60,2,0
BRDA:195,61,0,0
BRDA:195,61,1,0
BRF:132
BRH:0
end_of_record
TN:
SF:src\services\promptToText.ts
FN:12,promptToText
FN:71,(anonymous_1)
FN:72,(anonymous_2)
FNF:3
FNH:0
FNDA:0,promptToText
FNDA:0,(anonymous_1)
FNDA:0,(anonymous_2)
DA:16,0
DA:17,0
DA:19,0
DA:20,0
DA:21,0
DA:26,0
DA:28,0
DA:29,0
DA:30,0
DA:31,0
DA:33,0
DA:36,0
DA:37,0
DA:38,0
DA:41,0
DA:42,0
DA:43,0
DA:44,0
DA:46,0
DA:49,0
DA:51,0
DA:52,0
DA:58,0
DA:59,0
DA:60,0
DA:63,0
DA:64,0
DA:65,0
DA:66,0
DA:69,0
DA:71,0
DA:72,0
DA:74,0
DA:77,0
DA:79,0
DA:90,0
DA:92,0
DA:98,0
DA:100,0
DA:111,0
DA:112,0
LF:41
LH:0
BRDA:19,0,0,0
BRDA:19,0,1,0
BRDA:19,0,2,0
BRDA:20,1,0,0
BRDA:20,1,1,0
BRDA:21,2,0,0
BRDA:21,2,1,0
BRDA:26,3,0,0
BRDA:26,3,1,0
BRDA:26,3,2,0
BRDA:30,4,0,0
BRDA:30,4,1,0
BRDA:43,5,0,0
BRDA:43,5,1,0
BRDA:63,6,0,0
BRDA:63,6,1,0
BRDA:65,7,0,0
BRDA:65,7,1,0
BRDA:65,8,0,0
BRDA:65,8,1,0
BRDA:71,9,0,0
BRDA:71,9,1,0
BRF:22
BRH:0
end_of_record
TN:
SF:src\services\replicate.ts
FN:21,fileToBase64
FN:22,(anonymous_1)
FN:24,(anonymous_2)
FN:34,prepareImageForReplicate
FN:43,analyzeImage
FN:138,textToPrompt
FN:182,refinePrompt
FN:222,enhancePromptLocally
FNF:8
FNH:0
FNDA:0,fileToBase64
FNDA:0,(anonymous_1)
FNDA:0,(anonymous_2)
FNDA:0,prepareImageForReplicate
FNDA:0,analyzeImage
FNDA:0,textToPrompt
FNDA:0,refinePrompt
FNDA:0,enhancePromptLocally
DA:4,0
DA:22,0
DA:23,0
DA:24,0
DA:25,0
DA:26,0
DA:36,0
DA:37,0
DA:47,0
DA:53,0
DA:54,0
DA:55,0
DA:56,0
DA:59,0
DA:61,0
DA:62,0
DA:63,0
DA:66,0
DA:67,0
DA:76,0
DA:78,0
DA:79,0
DA:82,0
DA:86,0
DA:88,0
DA:89,0
DA:90,0
DA:95,0
DA:97,0
DA:98,0
DA:101,0
DA:103,0
DA:106,0
DA:109,0
DA:114,0
DA:115,0
DA:118,0
DA:121,0
DA:122,0
DA:123,0
DA:124,0
DA:125,0
DA:126,0
DA:127,0
DA:131,0
DA:143,0
DA:145,0
DA:146,0
DA:147,0
DA:148,0
DA:151,0
DA:152,0
DA:154,0
DA:155,0
DA:158,0
DA:159,0
DA:162,0
DA:164,0
DA:168,0
DA:170,0
DA:171,0
DA:174,0
DA:175,0
DA:186,0
DA:188,0
DA:190,0
DA:192,0
DA:194,0
DA:195,0
DA:198,0
DA:202,0
DA:206,0
DA:207,0
DA:210,0
DA:211,0
DA:214,0
DA:215,0
DA:223,0
DA:226,0
DA:227,0
DA:231,0
DA:234,0
DA:235,0
DA:239,0
DA:241,0
LF:85
LH:0
BRDA:45,0,0,0
BRDA:54,1,0,0
BRDA:54,1,1,0
BRDA:76,2,0,0
BRDA:76,2,1,0
BRDA:86,3,0,0
BRDA:86,3,1,0
BRDA:89,4,0,0
BRDA:89,4,1,0
BRDA:95,5,0,0
BRDA:95,5,1,0
BRDA:98,6,0,0
BRDA:98,6,1,0
BRDA:98,7,0,0
BRDA:98,7,1,0
BRDA:100,8,0,0
BRDA:100,8,1,0
BRDA:101,9,0,0
BRDA:101,9,1,0
BRDA:111,10,0,0
BRDA:111,10,1,0
BRDA:121,11,0,0
BRDA:121,11,1,0
BRDA:122,12,0,0
BRDA:122,12,1,0
BRDA:122,13,0,0
BRDA:122,13,1,0
BRDA:124,14,0,0
BRDA:124,14,1,0
BRDA:124,15,0,0
BRDA:124,15,1,0
BRDA:126,16,0,0
BRDA:126,16,1,0
BRDA:126,17,0,0
BRDA:126,17,1,0
BRDA:131,18,0,0
BRDA:131,18,1,0
BRDA:146,19,0,0
BRDA:146,19,1,0
BRDA:154,20,0,0
BRDA:154,20,1,0
BRDA:158,21,0,0
BRDA:158,21,1,0
BRDA:175,22,0,0
BRDA:175,22,1,0
BRDA:184,23,0,0
BRDA:192,24,0,0
BRDA:192,24,1,0
BRDA:192,24,2,0
BRDA:192,24,3,0
BRDA:215,25,0,0
BRDA:215,25,1,0
BRDA:226,26,0,0
BRDA:226,26,1,0
BRDA:234,27,0,0
BRDA:234,27,1,0
BRF:56
BRH:0
end_of_record
TN:
SF:src\services\supabasePrompt.ts
FN:18,generatePromptViaEdge
FNF:1
FNH:0
FNDA:0,generatePromptViaEdge
DA:3,0
DA:19,0
DA:20,0
DA:23,0
DA:25,0
DA:27,0
DA:28,0
DA:29,0
DA:31,0
DA:38,0
DA:40,0
DA:41,0
DA:43,0
DA:44,0
DA:47,0
DA:48,0
DA:51,0
DA:53,0
DA:54,0
LF:19
LH:0
BRDA:19,0,0,0
BRDA:19,0,1,0
BRDA:29,1,0,0
BRDA:29,1,1,0
BRDA:43,2,0,0
BRDA:43,2,1,0
BRDA:47,3,0,0
BRDA:47,3,1,0
BRDA:47,4,0,0
BRDA:47,4,1,0
BRF:10
BRH:0
end_of_record
TN:
SF:src\types\api.ts
FN:13,(anonymous_0)
FNF:1
FNH:0
FNDA:0,(anonymous_0)
DA:4,0
DA:13,0
DA:17,0
DA:25,0
LF:4
LH:0
BRDA:13,0,0,0
BRDA:13,0,1,0
BRF:2
BRH:0
end_of_record
TN:
SF:src\types\gemini.ts
FNF:0
FNH:0
LF:0
LH:0
BRF:0
BRH:0
end_of_record
TN:
SF:src\workers\imageProcessor.ts
FN:24,(anonymous_0)
FN:51,processImageInWorker
FN:97,(anonymous_2)
FN:99,(anonymous_3)
FN:104,(anonymous_4)
FNF:5
FNH:0
FNDA:0,(anonymous_0)
FNDA:0,processImageInWorker
FNDA:0,(anonymous_2)
FNDA:0,(anonymous_3)
FNDA:0,(anonymous_4)
DA:24,0
DA:25,0
DA:27,0
DA:28,0
DA:30,0
DA:32,0
DA:35,0
DA:41,0
DA:58,0
DA:61,0
DA:64,0
DA:67,0
DA:68,0
DA:69,0
DA:70,0
DA:71,0
DA:75,0
DA:76,0
DA:78,0
DA:79,0
DA:83,0
DA:86,0
DA:89,0
DA:92,0
DA:95,0
DA:97,0
DA:98,0
DA:99,0
DA:101,0
DA:102,0
DA:104,0
DA:105,0
LF:32
LH:0
BRDA:27,0,0,0
BRDA:27,0,1,0
BRDA:45,1,0,0
BRDA:45,1,1,0
BRDA:68,2,0,0
BRDA:68,2,1,0
BRDA:68,3,0,0
BRDA:68,3,1,0
BRDA:78,4,0,0
BRDA:78,4,1,0
BRF:10
BRH:0
end_of_record
